<?xml version="1.0" encoding="UTF-8"?>
<testsuite xmlns:xsi="http://www.w3.org/2001/XMLSchema-instance" xsi:noNamespaceSchemaLocation="https://maven.apache.org/surefire/maven-surefire-plugin/xsd/surefire-test-report.xsd" name="org.nuxeo.compound.documents.TestCompoundDocumentImporter" time="12.749" tests="7" errors="0" skipped="0" failures="0">
  <properties>
    <property name="java.specification.version" value="17"/>
    <property name="nuxeo.test.vcs.server" value=""/>
    <property name="sun.jnu.encoding" value="UTF-8"/>
    <property name="java.class.path" value="/home/jenkins/workspace/ts_nuxeo-compound-documents_2023/nuxeo-compound-documents/target-dev/test-classes:/home/jenkins/workspace/ts_nuxeo-compound-documents_2023/nuxeo-compound-documents/target-dev/classes:/root/.mvnrepository/org/nuxeo/ecm/platform/nuxeo-platform-filemanager/2023.0.98/nuxeo-platform-filemanager-2023.0.98.jar:/root/.mvnrepository/org/nuxeo/ecm/core/nuxeo-core-api/2023.0.98/nuxeo-core-api-2023.0.98.jar:/root/.mvnrepository/com/google/guava/guava/31.1-jre/guava-31.1-jre.jar:/root/.mvnrepository/com/google/guava/failureaccess/1.0.1/failureaccess-1.0.1.jar:/root/.mvnrepository/com/google/guava/listenablefuture/9999.0-empty-to-avoid-conflict-with-guava/listenablefuture-9999.0-empty-to-avoid-conflict-with-guava.jar:/root/.mvnrepository/com/google/code/findbugs/jsr305/3.0.2/jsr305-3.0.2.jar:/root/.mvnrepository/org/checkerframework/checker-qual/3.12.0/checker-qual-3.12.0.jar:/root/.mvnrepository/com/google/errorprone/error_prone_annotations/2.11.0/error_prone_annotations-2.11.0.jar:/root/.mvnrepository/com/google/j2objc/j2objc-annotations/1.3/j2objc-annotations-1.3.jar:/root/.mvnrepository/commons-codec/commons-codec/1.15/commons-codec-1.15.jar:/root/.mvnrepository/org/apache/commons/commons-lang3/3.12.0/commons-lang3-3.12.0.jar:/root/.mvnrepository/org/apache/commons/commons-text/1.10.0/commons-text-1.10.0.jar:/root/.mvnrepository/org/nuxeo/runtime/nuxeo-runtime-jtajca/2023.0.98/nuxeo-runtime-jtajca-2023.0.98.jar:/root/.mvnrepository/org/apache/geronimo/components/geronimo-transaction/3.1.4-NX1/geronimo-transaction-3.1.4-NX1.jar:/root/.mvnrepository/org/apache/xbean/xbean-naming/4.22/xbean-naming-4.22.jar:/root/.mvnrepository/org/nuxeo/runtime/nuxeo-runtime-kv/2023.0.98/nuxeo-runtime-kv-2023.0.98.jar:/root/.mvnrepository/net/jodah/expiringmap/0.5.10/expiringmap-0.5.10.jar:/root/.mvnrepository/javax/validation/validation-api/1.1.0.Final/validation-api-1.1.0.Final.jar:/root/.mvnrepository/com/fasterxml/jackson/core/jackson-core/2.12.7/jackson-core-2.12.7.jar:/root/.mvnrepository/com/fasterxml/jackson/core/jackson-databind/2.12.7.1/jackson-databind-2.12.7.1.jar:/root/.mvnrepository/com/fasterxml/jackson/core/jackson-annotations/2.12.7/jackson-annotations-2.12.7.jar:/root/.mvnrepository/javax/transaction/javax.transaction-api/1.3/javax.transaction-api-1.3.jar:/root/.mvnrepository/org/nuxeo/ecm/core/nuxeo-core-query/2023.0.98/nuxeo-core-query-2023.0.98.jar:/root/.mvnrepository/cup/java-cup/0.11a/java-cup-0.11a.jar:/root/.mvnrepository/org/nuxeo/ecm/core/nuxeo-core-schema/2023.0.98/nuxeo-core-schema-2023.0.98.jar:/root/.mvnrepository/com/sun/xsom/xsom/20140925/xsom-20140925.jar:/root/.mvnrepository/relaxngDatatype/relaxngDatatype/20020414/relaxngDatatype-20020414.jar:/root/.mvnrepository/org/nuxeo/runtime/nuxeo-runtime-reload/2023.0.98/nuxeo-runtime-reload-2023.0.98.jar:/root/.mvnrepository/org/nuxeo/runtime/nuxeo-runtime-deploy/2023.0.98/nuxeo-runtime-deploy-2023.0.98.jar:/root/.mvnrepository/org/nuxeo/ecm/core/nuxeo-core-event/2023.0.98/nuxeo-core-event-2023.0.98.jar:/root/.mvnrepository/org/nuxeo/runtime/nuxeo-runtime-cluster/2023.0.98/nuxeo-runtime-cluster-2023.0.98.jar:/root/.mvnrepository/org/nuxeo/runtime/nuxeo-runtime-datasource/2023.0.98/nuxeo-runtime-datasource-2023.0.98.jar:/root/.mvnrepository/org/apache/tomcat/tomcat-jdbc/9.0.72/tomcat-jdbc-9.0.72.jar:/root/.mvnrepository/org/apache/tomcat/tomcat-juli/9.0.72/tomcat-juli-9.0.72.jar:/root/.mvnrepository/org/apache/commons/commons-dbcp2/2.9.0/commons-dbcp2-2.9.0.jar:/root/.mvnrepository/org/nuxeo/runtime/nuxeo-runtime-management/2023.0.98/nuxeo-runtime-management-2023.0.98.jar:/root/.mvnrepository/org/javasimon/javasimon-core/2.5.0/javasimon-core-2.5.0.jar:/root/.mvnrepository/org/javasimon/javasimon-jmx/2.5.0/javasimon-jmx-2.5.0.jar:/root/.mvnrepository/org/javasimon/javasimon-jdbc3/2.5.0/javasimon-jdbc3-2.5.0.jar:/root/.mvnrepository/com/thoughtworks/xstream/xstream/1.4.20/xstream-1.4.20.jar:/root/.mvnrepository/io/github/x-stream/mxparser/1.2.2/mxparser-1.2.2.jar:/root/.mvnrepository/org/osgi/org.osgi.core/4.2.0/org.osgi.core-4.2.0.jar:/root/.mvnrepository/org/quartz-scheduler/quartz/2.3.2/quartz-2.3.2.jar:/root/.mvnrepository/com/mchange/c3p0/0.9.5.4/c3p0-0.9.5.4.jar:/root/.mvnrepository/com/mchange/mchange-commons-java/0.2.15/mchange-commons-java-0.2.15.jar:/root/.mvnrepository/com/zaxxer/HikariCP-java7/2.4.13/HikariCP-java7-2.4.13.jar:/root/.mvnrepository/io/dropwizard/metrics5/metrics-core/5.0.0-rc3/metrics-core-5.0.0-rc3.jar:/root/.mvnrepository/org/nuxeo/runtime/nuxeo-runtime-metrics/2023.0.98/nuxeo-runtime-metrics-2023.0.98.jar:/root/.mvnrepository/io/dropwizard/metrics5/metrics-graphite/5.0.0-rc3/metrics-graphite-5.0.0-rc3.jar:/root/.mvnrepository/com/rabbitmq/amqp-client/5.5.3/amqp-client-5.5.3.jar:/root/.mvnrepository/io/dropwizard/metrics5/metrics-jmx/5.0.0-rc3/metrics-jmx-5.0.0-rc3.jar:/root/.mvnrepository/io/dropwizard/metrics5/metrics-log4j2/5.0.0-rc3/metrics-log4j2-5.0.0-rc3.jar:/root/.mvnrepository/io/dropwizard/metrics5/metrics-jvm/5.0.0-rc3/metrics-jvm-5.0.0-rc3.jar:/root/.mvnrepository/org/coursera/metrics-datadog/2.0.0-RC2/metrics-datadog-2.0.0-RC2.jar:/root/.mvnrepository/org/apache/httpcomponents/fluent-hc/4.5.14/fluent-hc-4.5.14.jar:/root/.mvnrepository/com/datadoghq/java-dogstatsd-client/2.6.1/java-dogstatsd-client-2.6.1.jar:/root/.mvnrepository/com/github/jnr/jnr-unixsocket/0.18/jnr-unixsocket-0.18.jar:/root/.mvnrepository/com/github/jnr/jnr-ffi/2.1.4/jnr-ffi-2.1.4.jar:/root/.mvnrepository/com/github/jnr/jffi/1.2.15/jffi-1.2.15.jar:/root/.mvnrepository/com/github/jnr/jffi/1.2.15/jffi-1.2.15-native.jar:/root/.mvnrepository/com/github/jnr/jnr-x86asm/1.0.2/jnr-x86asm-1.0.2.jar:/root/.mvnrepository/com/github/jnr/jnr-constants/0.9.8/jnr-constants-0.9.8.jar:/root/.mvnrepository/com/github/jnr/jnr-enxio/0.16/jnr-enxio-0.16.jar:/root/.mvnrepository/com/github/jnr/jnr-posix/3.0.35/jnr-posix-3.0.35.jar:/root/.mvnrepository/io/opencensus/opencensus-exporter-trace-jaeger/0.31.1/opencensus-exporter-trace-jaeger-0.31.1.jar:/root/.mvnrepository/io/opencensus/opencensus-exporter-trace-util/0.31.1/opencensus-exporter-trace-util-0.31.1.jar:/root/.mvnrepository/io/jaegertracing/jaeger-client/0.33.1/jaeger-client-0.33.1.jar:/root/.mvnrepository/io/jaegertracing/jaeger-thrift/0.33.1/jaeger-thrift-0.33.1.jar:/root/.mvnrepository/org/apache/thrift/libthrift/0.11.0/libthrift-0.11.0.jar:/root/.mvnrepository/com/squareup/okhttp3/okhttp/4.10.0/okhttp-4.10.0.jar:/root/.mvnrepository/com/squareup/okio/okio-jvm/3.0.0/okio-jvm-3.0.0.jar:/root/.mvnrepository/org/jetbrains/kotlin/kotlin-stdlib-jdk8/1.5.31/kotlin-stdlib-jdk8-1.5.31.jar:/root/.mvnrepository/org/jetbrains/kotlin/kotlin-stdlib-jdk7/1.5.31/kotlin-stdlib-jdk7-1.5.31.jar:/root/.mvnrepository/org/jetbrains/kotlin/kotlin-stdlib-common/1.5.31/kotlin-stdlib-common-1.5.31.jar:/root/.mvnrepository/org/jetbrains/kotlin/kotlin-stdlib/1.6.20/kotlin-stdlib-1.6.20.jar:/root/.mvnrepository/org/jetbrains/annotations/13.0/annotations-13.0.jar:/root/.mvnrepository/io/jaegertracing/jaeger-core/0.33.1/jaeger-core-0.33.1.jar:/root/.mvnrepository/io/opentracing/opentracing-api/0.31.0/opentracing-api-0.31.0.jar:/root/.mvnrepository/io/opentracing/opentracing-util/0.31.0/opentracing-util-0.31.0.jar:/root/.mvnrepository/io/opentracing/opentracing-noop/0.31.0/opentracing-noop-0.31.0.jar:/root/.mvnrepository/io/jaegertracing/jaeger-tracerresolver/0.33.1/jaeger-tracerresolver-0.33.1.jar:/root/.mvnrepository/io/opentracing/contrib/opentracing-tracerresolver/0.1.5/opentracing-tracerresolver-0.1.5.jar:/root/.mvnrepository/io/opencensus/opencensus-exporter-trace-datadog/0.31.1/opencensus-exporter-trace-datadog-0.31.1.jar:/root/.mvnrepository/com/google/auto/value/auto-value/1.4/auto-value-1.4.jar:/root/.mvnrepository/io/opencensus/opencensus-exporter-trace-zipkin/0.31.1/opencensus-exporter-trace-zipkin-0.31.1.jar:/root/.mvnrepository/io/zipkin/reporter2/zipkin-reporter/2.7.14/zipkin-reporter-2.7.14.jar:/root/.mvnrepository/io/zipkin/zipkin2/zipkin/2.12.0/zipkin-2.12.0.jar:/root/.mvnrepository/io/zipkin/reporter2/zipkin-sender-urlconnection/2.7.14/zipkin-sender-urlconnection-2.7.14.jar:/root/.mvnrepository/io/opencensus/opencensus-exporter-stats-prometheus/0.31.1/opencensus-exporter-stats-prometheus-0.31.1.jar:/root/.mvnrepository/io/opencensus/opencensus-exporter-metrics-util/0.31.1/opencensus-exporter-metrics-util-0.31.1.jar:/root/.mvnrepository/io/prometheus/simpleclient/0.6.0/simpleclient-0.6.0.jar:/root/.mvnrepository/io/opencensus/opencensus-contrib-dropwizard5/0.31.1/opencensus-contrib-dropwizard5-0.31.1.jar:/root/.mvnrepository/io/opencensus/opencensus-contrib-zpages/0.31.1/opencensus-contrib-zpages-0.31.1.jar:/root/.mvnrepository/io/opencensus/opencensus-contrib-grpc-metrics/0.31.1/opencensus-contrib-grpc-metrics-0.31.1.jar:/root/.mvnrepository/io/prometheus/simpleclient_httpserver/0.16.0/simpleclient_httpserver-0.16.0.jar:/root/.mvnrepository/io/prometheus/simpleclient_common/0.16.0/simpleclient_common-0.16.0.jar:/root/.mvnrepository/javax/inject/javax.inject/1/javax.inject-1.jar:/root/.mvnrepository/org/apache/commons/commons-collections4/4.4/commons-collections4-4.4.jar:/root/.mvnrepository/org/nuxeo/lib/stream/nuxeo-stream/2023.0.98/nuxeo-stream-2023.0.98.jar:/root/.mvnrepository/org/jgrapht/jgrapht-core/1.0.1/jgrapht-core-1.0.1.jar:/root/.mvnrepository/org/apache/kafka/kafka-clients/3.4.0/kafka-clients-3.4.0.jar:/root/.mvnrepository/com/github/luben/zstd-jni/1.5.2-1/zstd-jni-1.5.2-1.jar:/root/.mvnrepository/org/lz4/lz4-java/1.8.0/lz4-java-1.8.0.jar:/root/.mvnrepository/org/xerial/snappy/snappy-java/1.1.8.4/snappy-java-1.1.8.4.jar:/root/.mvnrepository/commons-cli/commons-cli/1.5.0/commons-cli-1.5.0.jar:/root/.mvnrepository/net/jodah/failsafe/1.1.1/failsafe-1.1.1.jar:/root/.mvnrepository/io/confluent/kafka-avro-serializer/6.2.9/kafka-avro-serializer-6.2.9.jar:/root/.mvnrepository/io/confluent/kafka-schema-serializer/6.2.9/kafka-schema-serializer-6.2.9.jar:/root/.mvnrepository/io/confluent/common-utils/6.2.9/common-utils-6.2.9.jar:/root/.mvnrepository/io/confluent/kafka-schema-registry-client/6.2.9/kafka-schema-registry-client-6.2.9.jar:/root/.mvnrepository/io/swagger/swagger-annotations/1.6.2/swagger-annotations-1.6.2.jar:/root/.mvnrepository/io/swagger/swagger-core/1.6.2/swagger-core-1.6.2.jar:/root/.mvnrepository/com/fasterxml/jackson/dataformat/jackson-dataformat-yaml/2.12.7/jackson-dataformat-yaml-2.12.7.jar:/root/.mvnrepository/io/swagger/swagger-models/1.6.2/swagger-models-1.6.2.jar:/root/.mvnrepository/org/nuxeo/runtime/nuxeo-runtime-stream/2023.0.98/nuxeo-runtime-stream-2023.0.98.jar:/root/.mvnrepository/io/opencensus/opencensus-api/0.31.1/opencensus-api-0.31.1.jar:/root/.mvnrepository/io/grpc/grpc-context/1.27.2/grpc-context-1.27.2.jar:/root/.mvnrepository/io/opencensus/opencensus-impl/0.31.1/opencensus-impl-0.31.1.jar:/root/.mvnrepository/io/opencensus/opencensus-impl-core/0.31.1/opencensus-impl-core-0.31.1.jar:/root/.mvnrepository/com/lmax/disruptor/3.4.2/disruptor-3.4.2.jar:/root/.mvnrepository/org/openjdk/nashorn/nashorn-core/15.4/nashorn-core-15.4.jar:/root/.mvnrepository/org/ow2/asm/asm-commons/7.3.1/asm-commons-7.3.1.jar:/root/.mvnrepository/org/ow2/asm/asm-analysis/7.3.1/asm-analysis-7.3.1.jar:/root/.mvnrepository/org/ow2/asm/asm-tree/7.3.1/asm-tree-7.3.1.jar:/root/.mvnrepository/org/ow2/asm/asm-util/7.3.1/asm-util-7.3.1.jar:/root/.mvnrepository/com/fasterxml/jackson/dataformat/jackson-dataformat-properties/2.12.7/jackson-dataformat-properties-2.12.7.jar:/root/.mvnrepository/org/nuxeo/ecm/core/nuxeo-core-io/2023.0.98/nuxeo-core-io-2023.0.98.jar:/root/.mvnrepository/org/nuxeo/ecm/core/nuxeo-core-cache/2023.0.98/nuxeo-core-cache-2023.0.98.jar:/root/.mvnrepository/org/dom4j/dom4j/2.1.4/dom4j-2.1.4.jar:/root/.mvnrepository/jaxen/jaxen/1.2.0/jaxen-1.2.0.jar:/root/.mvnrepository/com/sun/jersey/jersey-core/1.19.4/jersey-core-1.19.4.jar:/root/.mvnrepository/javax/ws/rs/jsr311-api/1.1.1/jsr311-api-1.1.1.jar:/root/.mvnrepository/com/fasterxml/jackson/datatype/jackson-datatype-jsr310/2.12.7/jackson-datatype-jsr310-2.12.7.jar:/root/.mvnrepository/org/apache/avro/avro/1.11.1/avro-1.11.1.jar:/root/.mvnrepository/org/apache/commons/commons-compress/1.22/commons-compress-1.22.jar:/root/.mvnrepository/org/nuxeo/ecm/platform/nuxeo-platform-query-api/2023.0.98/nuxeo-platform-query-api-2023.0.98.jar:/root/.mvnrepository/org/nuxeo/ecm/platform/nuxeo-platform-search-api/2023.0.98/nuxeo-platform-search-api-2023.0.98.jar:/root/.mvnrepository/org/nuxeo/ecm/platform/nuxeo-platform-versioning-api/2023.0.98/nuxeo-platform-versioning-api-2023.0.98.jar:/root/.mvnrepository/org/nuxeo/ecm/core/nuxeo-core-mimetype/2023.0.98/nuxeo-core-mimetype-2023.0.98.jar:/root/.mvnrepository/jmimemagic/jmimemagic/0.1.2/jmimemagic-0.1.2.jar:/root/.mvnrepository/oro/oro/2.0.8/oro-2.0.8.jar:/root/.mvnrepository/org/apache/poi/poi/4.1.2/poi-4.1.2.jar:/root/.mvnrepository/org/apache/commons/commons-math3/3.6.1/commons-math3-3.6.1.jar:/root/.mvnrepository/com/zaxxer/SparseBitSet/1.2/SparseBitSet-1.2.jar:/root/.mvnrepository/org/apache/poi/poi-scratchpad/4.1.2/poi-scratchpad-4.1.2.jar:/root/.mvnrepository/org/nuxeo/ecm/platform/nuxeo-platform-types/2023.0.98/nuxeo-platform-types-2023.0.98.jar:/root/.mvnrepository/org/nuxeo/ecm/platform/nuxeo-platform-forms-layout-api/2023.0.98/nuxeo-platform-forms-layout-api-2023.0.98.jar:/root/.mvnrepository/com/ibm/icu/icu4j/67.1/icu4j-67.1.jar:/root/.mvnrepository/org/apache/commons/commons-csv/1.10.0/commons-csv-1.10.0.jar:/root/.mvnrepository/org/nuxeo/common/nuxeo-common/2023.0.98/nuxeo-common-2023.0.98.jar:/root/.mvnrepository/xerces/xercesImpl/2.12.2-nx1/xercesImpl-2.12.2-nx1.jar:/root/.mvnrepository/org/freemarker/freemarker/2.3.32/freemarker-2.3.32.jar:/root/.mvnrepository/org/nuxeo/runtime/nuxeo-runtime/2023.0.98/nuxeo-runtime-2023.0.98.jar:/root/.mvnrepository/org/nuxeo/ecm/platform/nuxeo-thumbnail/2023.0.98/nuxeo-thumbnail-2023.0.98.jar:/root/.mvnrepository/org/nuxeo/ecm/core/nuxeo-core-convert/2023.0.98/nuxeo-core-convert-2023.0.98.jar:/root/.mvnrepository/org/nuxeo/ecm/core/nuxeo-core-storage-sql/2023.0.98/nuxeo-core-storage-sql-2023.0.98.jar:/root/.mvnrepository/commons-beanutils/commons-beanutils/1.9.4/commons-beanutils-1.9.4.jar:/root/.mvnrepository/org/apache/commons/commons-pool2/2.11.1/commons-pool2-2.11.1.jar:/root/.mvnrepository/net/sf/ehcache/ehcache-core/2.6.11/ehcache-core-2.6.11.jar:/root/.mvnrepository/org/nuxeo/ecm/core/nuxeo-core-storage/2023.0.98/nuxeo-core-storage-2023.0.98.jar:/root/.mvnrepository/net/htmlparser/jericho/jericho-html/3.4/jericho-html-3.4.jar:/root/.mvnrepository/org/nuxeo/runtime/nuxeo-runtime-pubsub/2023.0.98/nuxeo-runtime-pubsub-2023.0.98.jar:/root/.mvnrepository/org/nuxeo/ecm/platform/nuxeo-platform-commandline-executor/2023.0.98/nuxeo-platform-commandline-executor-2023.0.98.jar:/root/.mvnrepository/org/nuxeo/runtime/nuxeo-launcher-commons/2023.0.98/nuxeo-launcher-commons-2023.0.98.jar:/root/.mvnrepository/org/nuxeo/connect/nuxeo-connect-client/1.8.6/nuxeo-connect-client-1.8.6.jar:/root/.mvnrepository/org/eclipse/equinox/org.eclipse.equinox.p2.cudf/1.17-NX/org.eclipse.equinox.p2.cudf-1.17-NX.jar:/root/.mvnrepository/org/sat4j/org.sat4j.pb/2.3.1/org.sat4j.pb-2.3.1.jar:/root/.mvnrepository/org/sat4j/org.sat4j.core/2.3.1/org.sat4j.core-2.3.1.jar:/root/.mvnrepository/org/eclipse/core/org.eclipse.core.jobs/3.5.0.v20100515/org.eclipse.core.jobs-3.5.0.v20100515.jar:/root/.mvnrepository/org/eclipse/equinox/org.eclipse.equinox.common/3.6.0.v20100503/org.eclipse.equinox.common-3.6.0.v20100503.jar:/root/.mvnrepository/org/json/json/20200518/json-20200518.jar:/root/.mvnrepository/jakarta/xml/bind/jakarta.xml.bind-api/2.3.3/jakarta.xml.bind-api-2.3.3.jar:/root/.mvnrepository/com/sun/xml/bind/jaxb-impl/2.3.8/jaxb-impl-2.3.8.jar:/root/.mvnrepository/org/nuxeo/ecm/platform/nuxeo-platform-url/2023.0.98/nuxeo-platform-url-2023.0.98.jar:/root/.mvnrepository/org/nuxeo/ecm/platform/nuxeo-platform-notification/2023.0.98/nuxeo-platform-notification-2023.0.98.jar:/root/.mvnrepository/org/nuxeo/ecm/platform/nuxeo-mail/2023.0.98/nuxeo-mail-2023.0.98.jar:/root/.mvnrepository/org/apache/commons/commons-exec/1.3/commons-exec-1.3.jar:/root/.mvnrepository/org/nuxeo/ecm/platform/nuxeo-platform-usermanager/2023.0.98/nuxeo-platform-usermanager-2023.0.98.jar:/root/.mvnrepository/org/nuxeo/ecm/platform/nuxeo-platform-directory-core/2023.0.98/nuxeo-platform-directory-core-2023.0.98.jar:/root/.mvnrepository/org/nuxeo/ecm/platform/nuxeo-platform-audit-core/2023.0.98/nuxeo-platform-audit-core-2023.0.98.jar:/root/.mvnrepository/org/nuxeo/ecm/core/nuxeo-core-persistence/2023.0.98/nuxeo-core-persistence-2023.0.98.jar:/root/.mvnrepository/org/hibernate/hibernate-entitymanager/3.4.0.GA/hibernate-entitymanager-3.4.0.GA.jar:/root/.mvnrepository/javax/transaction/jta/1.1/jta-1.1.jar:/root/.mvnrepository/org/javassist/javassist/3.29.2-GA/javassist-3.29.2-GA.jar:/root/.mvnrepository/org/nuxeo/ecm/platform/nuxeo-platform-audit-api/2023.0.98/nuxeo-platform-audit-api-2023.0.98.jar:/root/.mvnrepository/javax/persistence/persistence-api/1.0.2/persistence-api-1.0.2.jar:/root/.mvnrepository/org/jboss/el/jboss-el/1.0_02.CR6/jboss-el-1.0_02.CR6.jar:/root/.mvnrepository/org/hibernate/hibernate-annotations/3.4.0.GA/hibernate-annotations-3.4.0.GA.jar:/root/.mvnrepository/org/hibernate/hibernate-commons-annotations/3.1.0.GA/hibernate-commons-annotations-3.1.0.GA.jar:/root/.mvnrepository/javax/mail/mail/1.4.7/mail-1.4.7.jar:/root/.mvnrepository/org/mvel/mvel2/2.4.14.Final/mvel2-2.4.14.Final.jar:/root/.mvnrepository/org/nuxeo/ecm/platform/nuxeo-platform-dublincore/2023.0.98/nuxeo-platform-dublincore-2023.0.98.jar:/root/.mvnrepository/org/nuxeo/ecm/platform/nuxeo-platform-rendition-api/2023.0.98/nuxeo-platform-rendition-api-2023.0.98.jar:/root/.mvnrepository/org/nuxeo/ecm/platform/nuxeo-platform-web-common/2023.0.98/nuxeo-platform-web-common-2023.0.98.jar:/root/.mvnrepository/org/nuxeo/ecm/platform/nuxeo-platform-api/2023.0.98/nuxeo-platform-api-2023.0.98.jar:/root/.mvnrepository/org/nuxeo/ecm/core/nuxeo-core-management/2023.0.98/nuxeo-core-management-2023.0.98.jar:/root/.mvnrepository/org/nuxeo/ecm/platform/nuxeo-platform-login/2023.0.98/nuxeo-platform-login-2023.0.98.jar:/root/.mvnrepository/org/nuxeo/ecm/platform/nuxeo-platform-directory-api/2023.0.98/nuxeo-platform-directory-api-2023.0.98.jar:/root/.mvnrepository/javax/servlet/jsp/jsp-api/2.2/jsp-api-2.2.jar:/root/.mvnrepository/org/apache/httpcomponents/httpclient/4.5.14/httpclient-4.5.14.jar:/root/.mvnrepository/com/thetransactioncompany/cors-filter/2.10/cors-filter-2.10.jar:/root/.mvnrepository/com/thetransactioncompany/java-property-utils/1.16/java-property-utils-1.16.jar:/root/.mvnrepository/io/opencensus/opencensus-contrib-http-servlet/0.31.1/opencensus-contrib-http-servlet-0.31.1.jar:/root/.mvnrepository/io/opencensus/opencensus-contrib-http-util/0.31.1/opencensus-contrib-http-util-0.31.1.jar:/root/.mvnrepository/org/nuxeo/ecm/automation/nuxeo-automation-core/2023.0.98/nuxeo-automation-core-2023.0.98.jar:/root/.mvnrepository/org/nuxeo/ecm/platform/nuxeo-platform-rendering/2023.0.98/nuxeo-platform-rendering-2023.0.98.jar:/root/.mvnrepository/org/wikimodel/wem/2.0.2/wem-2.0.2.jar:/root/.mvnrepository/net/java/dev/javacc/javacc/4.0/javacc-4.0.jar:/root/.mvnrepository/org/nuxeo/ecm/platform/nuxeo-platform-forms-layout-core/2023.0.98/nuxeo-platform-forms-layout-core-2023.0.98.jar:/root/.mvnrepository/org/nuxeo/ecm/webengine/nuxeo-webengine-core/2023.0.98/nuxeo-webengine-core-2023.0.98.jar:/root/.mvnrepository/com/sun/jersey/jersey-server/1.19.4/jersey-server-1.19.4.jar:/root/.mvnrepository/com/sun/jersey/jersey-servlet/1.19.4/jersey-servlet-1.19.4.jar:/root/.mvnrepository/org/nuxeo/build/nuxeo-apt-extensions/1.0/nuxeo-apt-extensions-1.0.jar:/root/.mvnrepository/org/nuxeo/build/nuxeo-webengine-apt/1.2/nuxeo-webengine-apt-1.2.jar:/root/.mvnrepository/org/codehaus/groovy/groovy-all/2.4.21/groovy-all-2.4.21.jar:/root/.mvnrepository/org/apache/pdfbox/pdfbox/2.0.27/pdfbox-2.0.27.jar:/root/.mvnrepository/org/apache/pdfbox/fontbox/2.0.27/fontbox-2.0.27.jar:/root/.mvnrepository/com/sun/activation/javax.activation/1.2.0/javax.activation-1.2.0.jar:/root/.mvnrepository/javax/servlet/javax.servlet-api/4.0.1/javax.servlet-api-4.0.1.jar:/root/.mvnrepository/org/nuxeo/ecm/platform/nuxeo-platform-imaging-core/2023.0.98/nuxeo-platform-imaging-core-2023.0.98.jar:/root/.mvnrepository/org/nuxeo/ecm/platform/nuxeo-platform-video/2023.0.98/nuxeo-platform-video-2023.0.98.jar:/root/.mvnrepository/org/nuxeo/ecm/core/nuxeo-core/2023.0.98/nuxeo-core-2023.0.98.jar:/root/.mvnrepository/org/nuxeo/ecm/core/nuxeo-core-el/2023.0.98/nuxeo-core-el-2023.0.98.jar:/root/.mvnrepository/org/apache/tomcat/tomcat-el-api/9.0.72/tomcat-el-api-9.0.72.jar:/root/.mvnrepository/org/nuxeo/ecm/core/nuxeo-core-bulk/2023.0.98/nuxeo-core-bulk-2023.0.98.jar:/root/.mvnrepository/com/google/code/externalsortinginjava/externalsortinginjava/0.6.1/externalsortinginjava-0.6.1.jar:/root/.mvnrepository/org/nuxeo/ecm/core/nuxeo-core-convert-api/2023.0.98/nuxeo-core-convert-api-2023.0.98.jar:/root/.mvnrepository/org/nuxeo/ecm/platform/nuxeo-platform-convert/2023.0.98/nuxeo-platform-convert-2023.0.98.jar:/root/.mvnrepository/commons-fileupload/commons-fileupload/1.5/commons-fileupload-1.5.jar:/root/.mvnrepository/org/nuxeo/ecm/core/nuxeo-core-convert-plugins/2023.0.98/nuxeo-core-convert-plugins-2023.0.98.jar:/root/.mvnrepository/org/apache/poi/poi-ooxml/4.1.2/poi-ooxml-4.1.2.jar:/root/.mvnrepository/org/apache/poi/poi-ooxml-schemas/4.1.2/poi-ooxml-schemas-4.1.2.jar:/root/.mvnrepository/com/github/virtuald/curvesapi/1.06/curvesapi-1.06.jar:/root/.mvnrepository/org/apache/xmlbeans/xmlbeans/3.1.0/xmlbeans-3.1.0.jar:/root/.mvnrepository/com/cforcoding/jmd/jmd/0.8.1-tomasol-3e60e36137/jmd-0.8.1-tomasol-3e60e36137.jar:/root/.mvnrepository/xpp3/xpp3/1.1.4c/xpp3-1.1.4c-clean.jar:/root/.mvnrepository/commons-io/commons-io/2.8.0/commons-io-2.8.0.jar:/root/.mvnrepository/org/nuxeo/ecm/platform/nuxeo-platform-audio-core/2023.0.98/nuxeo-platform-audio-core-2023.0.98.jar:/root/.mvnrepository/org/jaudiotagger/2.0.3/jaudiotagger-2.0.3.jar:/root/.mvnrepository/org/nuxeo/ecm/platform/nuxeo-platform-imaging-core/2023.0.98/nuxeo-platform-imaging-core-2023.0.98-tests.jar:/root/.mvnrepository/org/nuxeo/ecm/platform/nuxeo-platform-actions-core/2023.0.98/nuxeo-platform-actions-core-2023.0.98.jar:/root/.mvnrepository/org/nuxeo/ecm/platform/nuxeo-preview-core/2023.0.98/nuxeo-preview-core-2023.0.98.jar:/root/.mvnrepository/org/nuxeo/ecm/platform/nuxeo-platform-htmlsanitizer/2023.0.98/nuxeo-platform-htmlsanitizer-2023.0.98.jar:/root/.mvnrepository/com/googlecode/owasp-java-html-sanitizer/owasp-java-html-sanitizer/20211018.2.NX1/owasp-java-html-sanitizer-20211018.2.NX1.jar:/root/.mvnrepository/org/w3c/css/sac/1.3/sac-1.3.jar:/root/.mvnrepository/org/restlet/jse/org.restlet/2.4.3/org.restlet-2.4.3.jar:/root/.mvnrepository/org/nuxeo/ecm/platform/nuxeo-rest-api-test/2023.0.98/nuxeo-rest-api-test-2023.0.98.jar:/root/.mvnrepository/com/sun/jersey/jersey-client/1.19.4/jersey-client-1.19.4.jar:/root/.mvnrepository/com/sun/jersey/contribs/jersey-multipart/1.19.4/jersey-multipart-1.19.4.jar:/root/.mvnrepository/org/jvnet/mimepull/mimepull/1.9.3/mimepull-1.9.3.jar:/root/.mvnrepository/org/nuxeo/ecm/platform/nuxeo-rest-api-io/2023.0.98/nuxeo-rest-api-io-2023.0.98.jar:/root/.mvnrepository/org/nuxeo/ecm/automation/nuxeo-automation-io/2023.0.98/nuxeo-automation-io-2023.0.98.jar:/root/.mvnrepository/org/yaml/snakeyaml/1.33/snakeyaml-1.33.jar:/root/.mvnrepository/org/nuxeo/ecm/platform/nuxeo-platform-forms-layout-export/2023.0.98/nuxeo-platform-forms-layout-export-2023.0.98.jar:/root/.mvnrepository/org/nuxeo/ecm/platform/nuxeo-invite/2023.0.98/nuxeo-invite-2023.0.98.jar:/root/.mvnrepository/org/nuxeo/ecm/platform/nuxeo-admin-center-core/2023.0.98/nuxeo-admin-center-core-2023.0.98.jar:/root/.mvnrepository/org/nuxeo/runtime/nuxeo-connect-standalone/2023.0.98/nuxeo-connect-standalone-2023.0.98.jar:/root/.mvnrepository/commons-jexl/commons-jexl/1.1/commons-jexl-1.1.jar:/root/.mvnrepository/org/nuxeo/ecm/platform/nuxeo-connect-client-wrapper/2023.0.98/nuxeo-connect-client-wrapper-2023.0.98.jar:/root/.mvnrepository/org/nuxeo/ecm/platform/nuxeo-rest-api-server/2023.0.98/nuxeo-rest-api-server-2023.0.98.jar:/root/.mvnrepository/org/nuxeo/ecm/automation/nuxeo-automation-server/2023.0.98/nuxeo-automation-server-2023.0.98.jar:/root/.mvnrepository/org/nuxeo/ecm/automation/nuxeo-automation-features/2023.0.98/nuxeo-automation-features-2023.0.98.jar:/root/.mvnrepository/org/nuxeo/ecm/platform/nuxeo-platform-uidgen-core/2023.0.98/nuxeo-platform-uidgen-core-2023.0.98.jar:/root/.mvnrepository/org/nuxeo/ecm/platform/nuxeo-platform-relations-api/2023.0.98/nuxeo-platform-relations-api-2023.0.98.jar:/root/.mvnrepository/org/nuxeo/ecm/platform/nuxeo-platform-userworkspace/2023.0.98/nuxeo-platform-userworkspace-2023.0.98.jar:/root/.mvnrepository/org/nuxeo/ecm/platform/nuxeo-platform-collections-core/2023.0.98/nuxeo-platform-collections-core-2023.0.98-tests.jar:/root/.mvnrepository/org/nuxeo/ecm/platform/nuxeo-platform-collections-core/2023.0.98/nuxeo-platform-collections-core-2023.0.98.jar:/root/.mvnrepository/org/nuxeo/ecm/platform/nuxeo-platform-oauth/2023.0.98/nuxeo-platform-oauth-2023.0.98.jar:/root/.mvnrepository/org/nuxeo/ecm/platform/nuxeo-platform-login-jwt/2023.0.98/nuxeo-platform-login-jwt-2023.0.98.jar:/root/.mvnrepository/com/auth0/java-jwt/3.19.4/java-jwt-3.19.4.jar:/root/.mvnrepository/com/google/http-client/google-http-client/1.43.0/google-http-client-1.43.0.jar:/root/.mvnrepository/com/google/http-client/google-http-client-jackson2/1.43.0/google-http-client-jackson2-1.43.0.jar:/root/.mvnrepository/com/google/oauth-client/google-oauth-client/1.34.1/google-oauth-client-1.34.1.jar:/root/.mvnrepository/com/google/http-client/google-http-client-gson/1.42.0/google-http-client-gson-1.42.0.jar:/root/.mvnrepository/org/nuxeo/ecm/platform/nuxeo-platform-tag/2023.0.98/nuxeo-platform-tag-2023.0.98.jar:/root/.mvnrepository/org/nuxeo/ecm/core/nuxeo-core-test/2023.0.98/nuxeo-core-test-2023.0.98.jar:/root/.mvnrepository/org/nuxeo/runtime/nuxeo-runtime-osgi/2023.0.98/nuxeo-runtime-osgi-2023.0.98.jar:/root/.mvnrepository/org/nuxeo/runtime/nuxeo-runtime-mongodb/2023.0.98/nuxeo-runtime-mongodb-2023.0.98.jar:/root/.mvnrepository/org/mongodb/mongodb-driver-sync/4.9.0/mongodb-driver-sync-4.9.0.jar:/root/.mvnrepository/org/mongodb/bson/4.9.0/bson-4.9.0.jar:/root/.mvnrepository/org/mongodb/mongodb-driver-core/4.9.0/mongodb-driver-core-4.9.0.jar:/root/.mvnrepository/org/mongodb/bson-record-codec/4.9.0/bson-record-codec-4.9.0.jar:/root/.mvnrepository/org/nuxeo/runtime/nuxeo-runtime-cluster/2023.0.98/nuxeo-runtime-cluster-2023.0.98-tests.jar:/root/.mvnrepository/org/nuxeo/runtime/nuxeo-runtime-stream/2023.0.98/nuxeo-runtime-stream-2023.0.98-tests.jar:/root/.mvnrepository/org/jmock/jmock-junit4/2.12.0/jmock-junit4-2.12.0.jar:/root/.mvnrepository/org/jmock/jmock-legacy/2.12.0/jmock-legacy-2.12.0.jar:/root/.mvnrepository/org/jmock/jmock-imposters/2.12.0/jmock-imposters-2.12.0.jar:/root/.mvnrepository/org/nuxeo/ecm/core/nuxeo-core-api/2023.0.98/nuxeo-core-api-2023.0.98-tests.jar:/root/.mvnrepository/org/nuxeo/ecm/core/nuxeo-core-io/2023.0.98/nuxeo-core-io-2023.0.98-tests.jar:/root/.mvnrepository/org/nuxeo/ecm/core/nuxeo-core-bulk/2023.0.98/nuxeo-core-bulk-2023.0.98-tests.jar:/root/.mvnrepository/org/nuxeo/ecm/core/nuxeo-core-event/2023.0.98/nuxeo-core-event-2023.0.98-tests.jar:/root/.mvnrepository/org/nuxeo/ecm/core/nuxeo-core-storage-sql-test/2023.0.98/nuxeo-core-storage-sql-test-2023.0.98.jar:/root/.mvnrepository/org/nuxeo/lib/core/nuxeo-core-storage-sql-extensions/2023.0.98/nuxeo-core-storage-sql-extensions-2023.0.98.jar:/root/.mvnrepository/com/h2database/h2/1.4.200/h2-1.4.200.jar:/root/.mvnrepository/org/postgresql/postgresql/42.5.4/postgresql-42.5.4.jar:/root/.mvnrepository/mysql/mysql-connector-java/8.0.30/mysql-connector-java-8.0.30.jar:/root/.mvnrepository/com/google/protobuf/protobuf-java/3.19.4/protobuf-java-3.19.4.jar:/root/.mvnrepository/org/mariadb/jdbc/mariadb-java-client/2.7.8/mariadb-java-client-2.7.8.jar:/root/.mvnrepository/com/microsoft/sqlserver/mssql-jdbc/7.4.1.jre8/mssql-jdbc-7.4.1.jre8.jar:/root/.mvnrepository/org/nuxeo/ecm/core/nuxeo-core-storage-dbs/2023.0.98/nuxeo-core-storage-dbs-2023.0.98-tests.jar:/root/.mvnrepository/org/nuxeo/ecm/core/nuxeo-core-storage-mem/2023.0.98/nuxeo-core-storage-mem-2023.0.98.jar:/root/.mvnrepository/org/nuxeo/ecm/core/nuxeo-core-storage-dbs/2023.0.98/nuxeo-core-storage-dbs-2023.0.98.jar:/root/.mvnrepository/org/nuxeo/ecm/core/nuxeo-core-storage-mongodb/2023.0.98/nuxeo-core-storage-mongodb-2023.0.98.jar:/root/.mvnrepository/com/google/inject/guice/3.0/guice-3.0.jar:/root/.mvnrepository/aopalliance/aopalliance/1.0/aopalliance-1.0.jar:/root/.mvnrepository/com/github/kirviq/dumbster/1.7.1/dumbster-1.7.1.jar:/root/.mvnrepository/org/nuxeo/ecm/platform/nuxeo-platform-test/2023.0.98/nuxeo-platform-test-2023.0.98.jar:/root/.mvnrepository/org/nuxeo/lib/runtime/nuxeo-runtime-launcher/2023.0.98/nuxeo-runtime-launcher-2023.0.98.jar:/root/.mvnrepository/org/nuxeo/ecm/platform/nuxeo-platform-directory-sql/2023.0.98/nuxeo-platform-directory-sql-2023.0.98.jar:/root/.mvnrepository/org/nuxeo/ecm/platform/nuxeo-platform-directory-sql/2023.0.98/nuxeo-platform-directory-sql-2023.0.98-tests.jar:/root/.mvnrepository/org/nuxeo/ecm/platform/nuxeo-platform-directory-mongodb/2023.0.98/nuxeo-platform-directory-mongodb-2023.0.98.jar:/root/.mvnrepository/org/nuxeo/ecm/platform/nuxeo-platform-directory-multi/2023.0.98/nuxeo-platform-directory-multi-2023.0.98.jar:/root/.mvnrepository/org/nuxeo/ecm/platform/nuxeo-platform-directory-test/2023.0.98/nuxeo-platform-directory-test-2023.0.98.jar:/root/.mvnrepository/org/nuxeo/ecm/platform/nuxeo-platform-directory-test/2023.0.98/nuxeo-platform-directory-test-2023.0.98-tests.jar:/root/.mvnrepository/org/nuxeo/ecm/core/nuxeo-core-test/2023.0.98/nuxeo-core-test-2023.0.98-tests.jar:/root/.mvnrepository/org/nuxeo/ecm/platform/nuxeo-mail/2023.0.98/nuxeo-mail-2023.0.98-tests.jar:/root/.mvnrepository/org/nuxeo/ecm/platform/nuxeo-platform-login/2023.0.98/nuxeo-platform-login-2023.0.98-tests.jar:/root/.mvnrepository/org/nuxeo/ecm/platform/nuxeo-platform-directory-types-contrib/2023.0.98/nuxeo-platform-directory-types-contrib-2023.0.98.jar:/root/.mvnrepository/org/nuxeo/ecm/platform/nuxeo-platform-content-template-manager/2023.0.98/nuxeo-platform-content-template-manager-2023.0.98.jar:/root/.mvnrepository/org/nuxeo/ecm/platform/nuxeo-platform-directory-ldap/2023.0.98/nuxeo-platform-directory-ldap-2023.0.98.jar:/root/.mvnrepository/org/apache/directory/server/apacheds-core/1.5.1/apacheds-core-1.5.1.jar:/root/.mvnrepository/org/apache/directory/server/apacheds-schema-bootstrap/1.5.1/apacheds-schema-bootstrap-1.5.1.jar:/root/.mvnrepository/jdbm/jdbm/1.0/jdbm-1.0.jar:/root/.mvnrepository/org/apache/directory/server/apacheds-schema-registries/1.5.1/apacheds-schema-registries-1.5.1.jar:/root/.mvnrepository/org/apache/directory/server/apacheds-core-shared/1.5.1/apacheds-core-shared-1.5.1.jar:/root/.mvnrepository/org/apache/directory/server/apacheds-utils/1.5.1/apacheds-utils-1.5.1.jar:/root/.mvnrepository/org/apache/directory/server/apacheds-jdbm-store/1.5.1/apacheds-jdbm-store-1.5.1.jar:/root/.mvnrepository/org/apache/directory/server/apacheds-constants/1.5.1/apacheds-constants-1.5.1.jar:/root/.mvnrepository/org/apache/directory/server/apacheds-btree-base/1.5.1/apacheds-btree-base-1.5.1.jar:/root/.mvnrepository/org/apache/directory/server/apacheds-bootstrap-extract/1.5.1/apacheds-bootstrap-extract-1.5.1.jar:/root/.mvnrepository/org/apache/directory/server/apacheds-kerberos-shared/1.5.1/apacheds-kerberos-shared-1.5.1.jar:/root/.mvnrepository/org/apache/mina/mina-core/1.1.2/mina-core-1.1.2.jar:/root/.mvnrepository/org/apache/directory/server/apacheds-protocol-shared/1.5.1/apacheds-protocol-shared-1.5.1.jar:/root/.mvnrepository/org/apache/directory/shared/shared-ldap/0.9.7/shared-ldap-0.9.7.jar:/root/.mvnrepository/commons-lang/commons-lang/2.6/commons-lang-2.6.jar:/root/.mvnrepository/org/apache/directory/shared/shared-asn1/0.9.7/shared-asn1-0.9.7.jar:/root/.mvnrepository/org/apache/directory/shared/shared-ldap-constants/0.9.7/shared-ldap-constants-0.9.7.jar:/root/.mvnrepository/org/hibernate/hibernate-core/3.3.2.GA/hibernate-core-3.3.2.GA.jar:/root/.mvnrepository/antlr/antlr/2.7.7/antlr-2.7.7.jar:/root/.mvnrepository/commons-collections/commons-collections/3.2.2/commons-collections-3.2.2.jar:/root/.mvnrepository/org/nuxeo/ecm/platform/nuxeo-features-test/2023.0.98/nuxeo-features-test-2023.0.98.jar:/root/.mvnrepository/org/nuxeo/ecm/webengine/nuxeo-webengine-jaxrs/2023.0.98/nuxeo-webengine-jaxrs-2023.0.98.jar:/root/.mvnrepository/com/sun/jersey/contribs/jersey-apache-client4/1.19.4/jersey-apache-client4-1.19.4.jar:/root/.mvnrepository/org/seleniumhq/selenium/selenium-support/2.53.0/selenium-support-2.53.0.jar:/root/.mvnrepository/org/seleniumhq/selenium/selenium-remote-driver/2.53.0/selenium-remote-driver-2.53.0.jar:/root/.mvnrepository/cglib/cglib-nodep/3.3.0/cglib-nodep-3.3.0.jar:/root/.mvnrepository/org/seleniumhq/selenium/selenium-api/2.53.0/selenium-api-2.53.0.jar:/root/.mvnrepository/com/google/code/gson/gson/2.10.1/gson-2.10.1.jar:/root/.mvnrepository/org/nuxeo/ecm/webengine/nuxeo-webengine-base/2023.0.98/nuxeo-webengine-base-2023.0.98.jar:/root/.mvnrepository/org/nuxeo/ecm/platform/nuxeo-platform-comment-api/2023.0.98/nuxeo-platform-comment-api-2023.0.98.jar:/root/.mvnrepository/org/nuxeo/ecm/webengine/nuxeo-webengine-ui/2023.0.98/nuxeo-webengine-ui-2023.0.98.jar:/root/.mvnrepository/net/sf/json-lib/json-lib/2.4/json-lib-2.4-jdk15.jar:/root/.mvnrepository/net/sf/ezmorph/ezmorph/1.0.4/ezmorph-1.0.4.jar:/root/.mvnrepository/org/nuxeo/ecm/core/nuxeo-core-management-jtajca/2023.0.98/nuxeo-core-management-jtajca-2023.0.98.jar:/root/.mvnrepository/org/apache/tomcat/tomcat-dbcp/9.0.72/tomcat-dbcp-9.0.72.jar:/root/.mvnrepository/com/datadoghq/dd-trace-api/0.115.0/dd-trace-api-0.115.0.jar:/root/.mvnrepository/javax/annotation/jsr250-api/1.0/jsr250-api-1.0.jar:/root/.mvnrepository/org/nuxeo/runtime/nuxeo-runtime-migration/2023.0.98/nuxeo-runtime-migration-2023.0.98.jar:/root/.mvnrepository/org/nuxeo/runtime/nuxeo-runtime-test/2023.0.98/nuxeo-runtime-test-2023.0.98.jar:/root/.mvnrepository/io/github/classgraph/classgraph/4.8.154/classgraph-4.8.154.jar:/root/.mvnrepository/org/jmock/jmock/2.12.0/jmock-2.12.0.jar:/root/.mvnrepository/org/jmock/jmock-testjar/2.12.0/jmock-testjar-2.12.0.jar:/root/.mvnrepository/com/google/code/findbugs/annotations/3.0.1/annotations-3.0.1.jar:/root/.mvnrepository/net/jcip/jcip-annotations/1.0/jcip-annotations-1.0.jar:/root/.mvnrepository/org/hamcrest/hamcrest/2.2/hamcrest-2.2.jar:/root/.mvnrepository/org/hamcrest/hamcrest-library/1.3/hamcrest-library-1.3.jar:/root/.mvnrepository/org/apache-extras/beanshell/bsh/2.0b6/bsh-2.0b6.jar:/root/.mvnrepository/org/assertj/assertj-core/3.24.2/assertj-core-3.24.2.jar:/root/.mvnrepository/net/bytebuddy/byte-buddy/1.12.21/byte-buddy-1.12.21.jar:/root/.mvnrepository/org/mockito/mockito-core/3.12.4/mockito-core-3.12.4.jar:/root/.mvnrepository/net/bytebuddy/byte-buddy-agent/1.11.13/byte-buddy-agent-1.11.13.jar:/root/.mvnrepository/org/objenesis/objenesis/3.2/objenesis-3.2.jar:/root/.mvnrepository/org/nuxeo/runtime/nuxeo-runtime-server/2023.0.98/nuxeo-runtime-server-2023.0.98.jar:/root/.mvnrepository/org/apache/tomcat/tomcat-catalina/9.0.72/tomcat-catalina-9.0.72.jar:/root/.mvnrepository/org/apache/tomcat/tomcat-jsp-api/9.0.72/tomcat-jsp-api-9.0.72.jar:/root/.mvnrepository/org/apache/tomcat/tomcat-api/9.0.72/tomcat-api-9.0.72.jar:/root/.mvnrepository/org/apache/tomcat/tomcat-jni/9.0.72/tomcat-jni-9.0.72.jar:/root/.mvnrepository/org/apache/tomcat/tomcat-util-scan/9.0.72/tomcat-util-scan-9.0.72.jar:/root/.mvnrepository/org/apache/tomcat/tomcat-jaspic-api/9.0.72/tomcat-jaspic-api-9.0.72.jar:/root/.mvnrepository/org/apache/tomcat/tomcat-coyote/9.0.72/tomcat-coyote-9.0.72.jar:/root/.mvnrepository/org/apache/tomcat/tomcat-util/9.0.72/tomcat-util-9.0.72.jar:/root/.mvnrepository/org/apache/tomcat/tomcat-jasper/9.0.72/tomcat-jasper-9.0.72.jar:/root/.mvnrepository/org/eclipse/jdt/ecj/3.26.0/ecj-3.26.0.jar:/root/.mvnrepository/org/apache/tomcat/tomcat-jasper-el/9.0.72/tomcat-jasper-el-9.0.72.jar:/root/.mvnrepository/org/seleniumhq/selenium/selenium-firefox-driver/2.53.0/selenium-firefox-driver-2.53.0.jar:/root/.mvnrepository/org/seleniumhq/selenium/selenium-ie-driver/2.53.0/selenium-ie-driver-2.53.0.jar:/root/.mvnrepository/net/java/dev/jna/jna/4.1.0/jna-4.1.0.jar:/root/.mvnrepository/net/java/dev/jna/jna-platform/4.1.0/jna-platform-4.1.0.jar:/root/.mvnrepository/org/seleniumhq/selenium/selenium-chrome-driver/2.53.0/selenium-chrome-driver-2.53.0.jar:/root/.mvnrepository/org/seleniumhq/selenium/htmlunit-driver/2.20/htmlunit-driver-2.20.jar:/root/.mvnrepository/net/sourceforge/htmlunit/htmlunit/2.20/htmlunit-2.20.jar:/root/.mvnrepository/xalan/xalan/2.7.2/xalan-2.7.2.jar:/root/.mvnrepository/xalan/serializer/2.7.2/serializer-2.7.2.jar:/root/.mvnrepository/org/apache/httpcomponents/httpmime/4.5.14/httpmime-4.5.14.jar:/root/.mvnrepository/net/sourceforge/htmlunit/htmlunit-core-js/2.17/htmlunit-core-js-2.17.jar:/root/.mvnrepository/net/sourceforge/nekohtml/nekohtml/1.9.22/nekohtml-1.9.22.jar:/root/.mvnrepository/net/sourceforge/cssparser/cssparser/0.9.18/cssparser-0.9.18.jar:/root/.mvnrepository/org/eclipse/jetty/websocket/websocket-client/9.2.15.v20160210/websocket-client-9.2.15.v20160210.jar:/root/.mvnrepository/org/eclipse/jetty/jetty-util/9.2.15.v20160210/jetty-util-9.2.15.v20160210.jar:/root/.mvnrepository/org/eclipse/jetty/jetty-io/9.2.15.v20160210/jetty-io-9.2.15.v20160210.jar:/root/.mvnrepository/org/eclipse/jetty/websocket/websocket-common/9.2.15.v20160210/websocket-common-9.2.15.v20160210.jar:/root/.mvnrepository/org/eclipse/jetty/websocket/websocket-api/9.2.15.v20160210/websocket-api-9.2.15.v20160210.jar:/root/.mvnrepository/org/concordion/concordion/1.5.1/concordion-1.5.1.jar:/root/.mvnrepository/ognl/ognl/2.6.9/ognl-2.6.9.jar:/root/.mvnrepository/org/ow2/asm/asm/9.4/asm-9.4.jar:/root/.mvnrepository/concurrent/concurrent/1.3.4/concurrent-1.3.4.jar:/root/.mvnrepository/org/nuxeo/ecm/automation/nuxeo-automation-test/2023.0.98/nuxeo-automation-test-2023.0.98.jar:/root/.mvnrepository/org/nuxeo/ecm/automation/nuxeo-automation-scripting/2023.0.98/nuxeo-automation-scripting-2023.0.98.jar:/root/.mvnrepository/org/nuxeo/ecm/automation/nuxeo-automation-core/2023.0.98/nuxeo-automation-core-2023.0.98-tests.jar:/root/.mvnrepository/org/apache/httpcomponents/httpcore/4.4.16/httpcore-4.4.16.jar:/root/.mvnrepository/org/osgi/org.osgi.compendium/4.3.1/org.osgi.compendium-4.3.1.jar:/root/.mvnrepository/org/skyscreamer/jsonassert/1.5.1/jsonassert-1.5.1.jar:/root/.mvnrepository/com/vaadin/external/google/android-json/0.0.20131108.vaadin1/android-json-0.0.20131108.vaadin1.jar:/root/.mvnrepository/org/apache/logging/log4j/log4j-api/2.20.0/log4j-api-2.20.0.jar:/root/.mvnrepository/org/apache/logging/log4j/log4j-core/2.20.0/log4j-core-2.20.0.jar:/root/.mvnrepository/org/apache/logging/log4j/log4j-1.2-api/2.20.0/log4j-1.2-api-2.20.0.jar:/root/.mvnrepository/org/apache/logging/log4j/log4j-jcl/2.20.0/log4j-jcl-2.20.0.jar:/root/.mvnrepository/commons-logging/commons-logging/1.2/commons-logging-1.2.jar:/root/.mvnrepository/org/apache/logging/log4j/log4j-slf4j-impl/2.20.0/log4j-slf4j-impl-2.20.0.jar:/root/.mvnrepository/org/slf4j/slf4j-api/1.7.36/slf4j-api-1.7.36.jar:/root/.mvnrepository/junit/junit/4.13.2/junit-4.13.2.jar:/root/.mvnrepository/org/hamcrest/hamcrest-core/1.3/hamcrest-core-1.3.jar:"/>
    <property name="java.vm.vendor" value="Azul Systems, Inc."/>
    <property name="sun.arch.data.model" value="64"/>
    <property name="nuxeo.test.s3storage.transient.bucket" value=""/>
    <property name="nuxeo.test.elasticsearch.addressList" value=""/>
    <property name="java.vendor.url" value="http://www.azul.com/"/>
    <property name="nuxeo.test.vcs.password" value=""/>
    <property name="net.sourceforge.cobertura.datafile" value="/home/jenkins/workspace/ts_nuxeo-compound-documents_2023/nuxeo-compound-documents/target-dev/cobertura/cobertura.ser"/>
    <property name="java.vm.specification.version" value="17"/>
    <property name="os.name" value="Linux"/>
    <property name="sun.java.launcher" value="SUN_STANDARD"/>
    <property name="user.country" value="US"/>
    <property name="nuxeo.test.mongodb.server" value=""/>
    <property name="nuxeo.test.mongodb.dbname" value=""/>
    <property name="sun.boot.library.path" value="/usr/lib/jvm/zulu17-ca/lib"/>
    <property name="sun.java.command" value="/home/jenkins/workspace/ts_nuxeo-compound-documents_2023/nuxeo-compound-documents/target-dev/surefire/surefirebooter16359307067845681199.jar /home/jenkins/workspace/ts_nuxeo-compound-documents_2023/nuxeo-compound-documents/target-dev/surefire 2023-03-09T18-17-16_917-jvmRun1 surefire13563161838385218926tmp surefire_0923983780379559850tmp"/>
    <property name="jdk.debug" value="release"/>
    <property name="surefire.test.class.path" value="/home/jenkins/workspace/ts_nuxeo-compound-documents_2023/nuxeo-compound-documents/target-dev/test-classes:/home/jenkins/workspace/ts_nuxeo-compound-documents_2023/nuxeo-compound-documents/target-dev/classes:/root/.mvnrepository/org/nuxeo/ecm/platform/nuxeo-platform-filemanager/2023.0.98/nuxeo-platform-filemanager-2023.0.98.jar:/root/.mvnrepository/org/nuxeo/ecm/core/nuxeo-core-api/2023.0.98/nuxeo-core-api-2023.0.98.jar:/root/.mvnrepository/com/google/guava/guava/31.1-jre/guava-31.1-jre.jar:/root/.mvnrepository/com/google/guava/failureaccess/1.0.1/failureaccess-1.0.1.jar:/root/.mvnrepository/com/google/guava/listenablefuture/9999.0-empty-to-avoid-conflict-with-guava/listenablefuture-9999.0-empty-to-avoid-conflict-with-guava.jar:/root/.mvnrepository/com/google/code/findbugs/jsr305/3.0.2/jsr305-3.0.2.jar:/root/.mvnrepository/org/checkerframework/checker-qual/3.12.0/checker-qual-3.12.0.jar:/root/.mvnrepository/com/google/errorprone/error_prone_annotations/2.11.0/error_prone_annotations-2.11.0.jar:/root/.mvnrepository/com/google/j2objc/j2objc-annotations/1.3/j2objc-annotations-1.3.jar:/root/.mvnrepository/commons-codec/commons-codec/1.15/commons-codec-1.15.jar:/root/.mvnrepository/org/apache/commons/commons-lang3/3.12.0/commons-lang3-3.12.0.jar:/root/.mvnrepository/org/apache/commons/commons-text/1.10.0/commons-text-1.10.0.jar:/root/.mvnrepository/org/nuxeo/runtime/nuxeo-runtime-jtajca/2023.0.98/nuxeo-runtime-jtajca-2023.0.98.jar:/root/.mvnrepository/org/apache/geronimo/components/geronimo-transaction/3.1.4-NX1/geronimo-transaction-3.1.4-NX1.jar:/root/.mvnrepository/org/apache/xbean/xbean-naming/4.22/xbean-naming-4.22.jar:/root/.mvnrepository/org/nuxeo/runtime/nuxeo-runtime-kv/2023.0.98/nuxeo-runtime-kv-2023.0.98.jar:/root/.mvnrepository/net/jodah/expiringmap/0.5.10/expiringmap-0.5.10.jar:/root/.mvnrepository/javax/validation/validation-api/1.1.0.Final/validation-api-1.1.0.Final.jar:/root/.mvnrepository/com/fasterxml/jackson/core/jackson-core/2.12.7/jackson-core-2.12.7.jar:/root/.mvnrepository/com/fasterxml/jackson/core/jackson-databind/2.12.7.1/jackson-databind-2.12.7.1.jar:/root/.mvnrepository/com/fasterxml/jackson/core/jackson-annotations/2.12.7/jackson-annotations-2.12.7.jar:/root/.mvnrepository/javax/transaction/javax.transaction-api/1.3/javax.transaction-api-1.3.jar:/root/.mvnrepository/org/nuxeo/ecm/core/nuxeo-core-query/2023.0.98/nuxeo-core-query-2023.0.98.jar:/root/.mvnrepository/cup/java-cup/0.11a/java-cup-0.11a.jar:/root/.mvnrepository/org/nuxeo/ecm/core/nuxeo-core-schema/2023.0.98/nuxeo-core-schema-2023.0.98.jar:/root/.mvnrepository/com/sun/xsom/xsom/20140925/xsom-20140925.jar:/root/.mvnrepository/relaxngDatatype/relaxngDatatype/20020414/relaxngDatatype-20020414.jar:/root/.mvnrepository/org/nuxeo/runtime/nuxeo-runtime-reload/2023.0.98/nuxeo-runtime-reload-2023.0.98.jar:/root/.mvnrepository/org/nuxeo/runtime/nuxeo-runtime-deploy/2023.0.98/nuxeo-runtime-deploy-2023.0.98.jar:/root/.mvnrepository/org/nuxeo/ecm/core/nuxeo-core-event/2023.0.98/nuxeo-core-event-2023.0.98.jar:/root/.mvnrepository/org/nuxeo/runtime/nuxeo-runtime-cluster/2023.0.98/nuxeo-runtime-cluster-2023.0.98.jar:/root/.mvnrepository/org/nuxeo/runtime/nuxeo-runtime-datasource/2023.0.98/nuxeo-runtime-datasource-2023.0.98.jar:/root/.mvnrepository/org/apache/tomcat/tomcat-jdbc/9.0.72/tomcat-jdbc-9.0.72.jar:/root/.mvnrepository/org/apache/tomcat/tomcat-juli/9.0.72/tomcat-juli-9.0.72.jar:/root/.mvnrepository/org/apache/commons/commons-dbcp2/2.9.0/commons-dbcp2-2.9.0.jar:/root/.mvnrepository/org/nuxeo/runtime/nuxeo-runtime-management/2023.0.98/nuxeo-runtime-management-2023.0.98.jar:/root/.mvnrepository/org/javasimon/javasimon-core/2.5.0/javasimon-core-2.5.0.jar:/root/.mvnrepository/org/javasimon/javasimon-jmx/2.5.0/javasimon-jmx-2.5.0.jar:/root/.mvnrepository/org/javasimon/javasimon-jdbc3/2.5.0/javasimon-jdbc3-2.5.0.jar:/root/.mvnrepository/com/thoughtworks/xstream/xstream/1.4.20/xstream-1.4.20.jar:/root/.mvnrepository/io/github/x-stream/mxparser/1.2.2/mxparser-1.2.2.jar:/root/.mvnrepository/org/osgi/org.osgi.core/4.2.0/org.osgi.core-4.2.0.jar:/root/.mvnrepository/org/quartz-scheduler/quartz/2.3.2/quartz-2.3.2.jar:/root/.mvnrepository/com/mchange/c3p0/0.9.5.4/c3p0-0.9.5.4.jar:/root/.mvnrepository/com/mchange/mchange-commons-java/0.2.15/mchange-commons-java-0.2.15.jar:/root/.mvnrepository/com/zaxxer/HikariCP-java7/2.4.13/HikariCP-java7-2.4.13.jar:/root/.mvnrepository/io/dropwizard/metrics5/metrics-core/5.0.0-rc3/metrics-core-5.0.0-rc3.jar:/root/.mvnrepository/org/nuxeo/runtime/nuxeo-runtime-metrics/2023.0.98/nuxeo-runtime-metrics-2023.0.98.jar:/root/.mvnrepository/io/dropwizard/metrics5/metrics-graphite/5.0.0-rc3/metrics-graphite-5.0.0-rc3.jar:/root/.mvnrepository/com/rabbitmq/amqp-client/5.5.3/amqp-client-5.5.3.jar:/root/.mvnrepository/io/dropwizard/metrics5/metrics-jmx/5.0.0-rc3/metrics-jmx-5.0.0-rc3.jar:/root/.mvnrepository/io/dropwizard/metrics5/metrics-log4j2/5.0.0-rc3/metrics-log4j2-5.0.0-rc3.jar:/root/.mvnrepository/io/dropwizard/metrics5/metrics-jvm/5.0.0-rc3/metrics-jvm-5.0.0-rc3.jar:/root/.mvnrepository/org/coursera/metrics-datadog/2.0.0-RC2/metrics-datadog-2.0.0-RC2.jar:/root/.mvnrepository/org/apache/httpcomponents/fluent-hc/4.5.14/fluent-hc-4.5.14.jar:/root/.mvnrepository/com/datadoghq/java-dogstatsd-client/2.6.1/java-dogstatsd-client-2.6.1.jar:/root/.mvnrepository/com/github/jnr/jnr-unixsocket/0.18/jnr-unixsocket-0.18.jar:/root/.mvnrepository/com/github/jnr/jnr-ffi/2.1.4/jnr-ffi-2.1.4.jar:/root/.mvnrepository/com/github/jnr/jffi/1.2.15/jffi-1.2.15.jar:/root/.mvnrepository/com/github/jnr/jffi/1.2.15/jffi-1.2.15-native.jar:/root/.mvnrepository/com/github/jnr/jnr-x86asm/1.0.2/jnr-x86asm-1.0.2.jar:/root/.mvnrepository/com/github/jnr/jnr-constants/0.9.8/jnr-constants-0.9.8.jar:/root/.mvnrepository/com/github/jnr/jnr-enxio/0.16/jnr-enxio-0.16.jar:/root/.mvnrepository/com/github/jnr/jnr-posix/3.0.35/jnr-posix-3.0.35.jar:/root/.mvnrepository/io/opencensus/opencensus-exporter-trace-jaeger/0.31.1/opencensus-exporter-trace-jaeger-0.31.1.jar:/root/.mvnrepository/io/opencensus/opencensus-exporter-trace-util/0.31.1/opencensus-exporter-trace-util-0.31.1.jar:/root/.mvnrepository/io/jaegertracing/jaeger-client/0.33.1/jaeger-client-0.33.1.jar:/root/.mvnrepository/io/jaegertracing/jaeger-thrift/0.33.1/jaeger-thrift-0.33.1.jar:/root/.mvnrepository/org/apache/thrift/libthrift/0.11.0/libthrift-0.11.0.jar:/root/.mvnrepository/com/squareup/okhttp3/okhttp/4.10.0/okhttp-4.10.0.jar:/root/.mvnrepository/com/squareup/okio/okio-jvm/3.0.0/okio-jvm-3.0.0.jar:/root/.mvnrepository/org/jetbrains/kotlin/kotlin-stdlib-jdk8/1.5.31/kotlin-stdlib-jdk8-1.5.31.jar:/root/.mvnrepository/org/jetbrains/kotlin/kotlin-stdlib-jdk7/1.5.31/kotlin-stdlib-jdk7-1.5.31.jar:/root/.mvnrepository/org/jetbrains/kotlin/kotlin-stdlib-common/1.5.31/kotlin-stdlib-common-1.5.31.jar:/root/.mvnrepository/org/jetbrains/kotlin/kotlin-stdlib/1.6.20/kotlin-stdlib-1.6.20.jar:/root/.mvnrepository/org/jetbrains/annotations/13.0/annotations-13.0.jar:/root/.mvnrepository/io/jaegertracing/jaeger-core/0.33.1/jaeger-core-0.33.1.jar:/root/.mvnrepository/io/opentracing/opentracing-api/0.31.0/opentracing-api-0.31.0.jar:/root/.mvnrepository/io/opentracing/opentracing-util/0.31.0/opentracing-util-0.31.0.jar:/root/.mvnrepository/io/opentracing/opentracing-noop/0.31.0/opentracing-noop-0.31.0.jar:/root/.mvnrepository/io/jaegertracing/jaeger-tracerresolver/0.33.1/jaeger-tracerresolver-0.33.1.jar:/root/.mvnrepository/io/opentracing/contrib/opentracing-tracerresolver/0.1.5/opentracing-tracerresolver-0.1.5.jar:/root/.mvnrepository/io/opencensus/opencensus-exporter-trace-datadog/0.31.1/opencensus-exporter-trace-datadog-0.31.1.jar:/root/.mvnrepository/com/google/auto/value/auto-value/1.4/auto-value-1.4.jar:/root/.mvnrepository/io/opencensus/opencensus-exporter-trace-zipkin/0.31.1/opencensus-exporter-trace-zipkin-0.31.1.jar:/root/.mvnrepository/io/zipkin/reporter2/zipkin-reporter/2.7.14/zipkin-reporter-2.7.14.jar:/root/.mvnrepository/io/zipkin/zipkin2/zipkin/2.12.0/zipkin-2.12.0.jar:/root/.mvnrepository/io/zipkin/reporter2/zipkin-sender-urlconnection/2.7.14/zipkin-sender-urlconnection-2.7.14.jar:/root/.mvnrepository/io/opencensus/opencensus-exporter-stats-prometheus/0.31.1/opencensus-exporter-stats-prometheus-0.31.1.jar:/root/.mvnrepository/io/opencensus/opencensus-exporter-metrics-util/0.31.1/opencensus-exporter-metrics-util-0.31.1.jar:/root/.mvnrepository/io/prometheus/simpleclient/0.6.0/simpleclient-0.6.0.jar:/root/.mvnrepository/io/opencensus/opencensus-contrib-dropwizard5/0.31.1/opencensus-contrib-dropwizard5-0.31.1.jar:/root/.mvnrepository/io/opencensus/opencensus-contrib-zpages/0.31.1/opencensus-contrib-zpages-0.31.1.jar:/root/.mvnrepository/io/opencensus/opencensus-contrib-grpc-metrics/0.31.1/opencensus-contrib-grpc-metrics-0.31.1.jar:/root/.mvnrepository/io/prometheus/simpleclient_httpserver/0.16.0/simpleclient_httpserver-0.16.0.jar:/root/.mvnrepository/io/prometheus/simpleclient_common/0.16.0/simpleclient_common-0.16.0.jar:/root/.mvnrepository/javax/inject/javax.inject/1/javax.inject-1.jar:/root/.mvnrepository/org/apache/commons/commons-collections4/4.4/commons-collections4-4.4.jar:/root/.mvnrepository/org/nuxeo/lib/stream/nuxeo-stream/2023.0.98/nuxeo-stream-2023.0.98.jar:/root/.mvnrepository/org/jgrapht/jgrapht-core/1.0.1/jgrapht-core-1.0.1.jar:/root/.mvnrepository/org/apache/kafka/kafka-clients/3.4.0/kafka-clients-3.4.0.jar:/root/.mvnrepository/com/github/luben/zstd-jni/1.5.2-1/zstd-jni-1.5.2-1.jar:/root/.mvnrepository/org/lz4/lz4-java/1.8.0/lz4-java-1.8.0.jar:/root/.mvnrepository/org/xerial/snappy/snappy-java/1.1.8.4/snappy-java-1.1.8.4.jar:/root/.mvnrepository/commons-cli/commons-cli/1.5.0/commons-cli-1.5.0.jar:/root/.mvnrepository/net/jodah/failsafe/1.1.1/failsafe-1.1.1.jar:/root/.mvnrepository/io/confluent/kafka-avro-serializer/6.2.9/kafka-avro-serializer-6.2.9.jar:/root/.mvnrepository/io/confluent/kafka-schema-serializer/6.2.9/kafka-schema-serializer-6.2.9.jar:/root/.mvnrepository/io/confluent/common-utils/6.2.9/common-utils-6.2.9.jar:/root/.mvnrepository/io/confluent/kafka-schema-registry-client/6.2.9/kafka-schema-registry-client-6.2.9.jar:/root/.mvnrepository/io/swagger/swagger-annotations/1.6.2/swagger-annotations-1.6.2.jar:/root/.mvnrepository/io/swagger/swagger-core/1.6.2/swagger-core-1.6.2.jar:/root/.mvnrepository/com/fasterxml/jackson/dataformat/jackson-dataformat-yaml/2.12.7/jackson-dataformat-yaml-2.12.7.jar:/root/.mvnrepository/io/swagger/swagger-models/1.6.2/swagger-models-1.6.2.jar:/root/.mvnrepository/org/nuxeo/runtime/nuxeo-runtime-stream/2023.0.98/nuxeo-runtime-stream-2023.0.98.jar:/root/.mvnrepository/io/opencensus/opencensus-api/0.31.1/opencensus-api-0.31.1.jar:/root/.mvnrepository/io/grpc/grpc-context/1.27.2/grpc-context-1.27.2.jar:/root/.mvnrepository/io/opencensus/opencensus-impl/0.31.1/opencensus-impl-0.31.1.jar:/root/.mvnrepository/io/opencensus/opencensus-impl-core/0.31.1/opencensus-impl-core-0.31.1.jar:/root/.mvnrepository/com/lmax/disruptor/3.4.2/disruptor-3.4.2.jar:/root/.mvnrepository/org/openjdk/nashorn/nashorn-core/15.4/nashorn-core-15.4.jar:/root/.mvnrepository/org/ow2/asm/asm-commons/7.3.1/asm-commons-7.3.1.jar:/root/.mvnrepository/org/ow2/asm/asm-analysis/7.3.1/asm-analysis-7.3.1.jar:/root/.mvnrepository/org/ow2/asm/asm-tree/7.3.1/asm-tree-7.3.1.jar:/root/.mvnrepository/org/ow2/asm/asm-util/7.3.1/asm-util-7.3.1.jar:/root/.mvnrepository/com/fasterxml/jackson/dataformat/jackson-dataformat-properties/2.12.7/jackson-dataformat-properties-2.12.7.jar:/root/.mvnrepository/org/nuxeo/ecm/core/nuxeo-core-io/2023.0.98/nuxeo-core-io-2023.0.98.jar:/root/.mvnrepository/org/nuxeo/ecm/core/nuxeo-core-cache/2023.0.98/nuxeo-core-cache-2023.0.98.jar:/root/.mvnrepository/org/dom4j/dom4j/2.1.4/dom4j-2.1.4.jar:/root/.mvnrepository/jaxen/jaxen/1.2.0/jaxen-1.2.0.jar:/root/.mvnrepository/com/sun/jersey/jersey-core/1.19.4/jersey-core-1.19.4.jar:/root/.mvnrepository/javax/ws/rs/jsr311-api/1.1.1/jsr311-api-1.1.1.jar:/root/.mvnrepository/com/fasterxml/jackson/datatype/jackson-datatype-jsr310/2.12.7/jackson-datatype-jsr310-2.12.7.jar:/root/.mvnrepository/org/apache/avro/avro/1.11.1/avro-1.11.1.jar:/root/.mvnrepository/org/apache/commons/commons-compress/1.22/commons-compress-1.22.jar:/root/.mvnrepository/org/nuxeo/ecm/platform/nuxeo-platform-query-api/2023.0.98/nuxeo-platform-query-api-2023.0.98.jar:/root/.mvnrepository/org/nuxeo/ecm/platform/nuxeo-platform-search-api/2023.0.98/nuxeo-platform-search-api-2023.0.98.jar:/root/.mvnrepository/org/nuxeo/ecm/platform/nuxeo-platform-versioning-api/2023.0.98/nuxeo-platform-versioning-api-2023.0.98.jar:/root/.mvnrepository/org/nuxeo/ecm/core/nuxeo-core-mimetype/2023.0.98/nuxeo-core-mimetype-2023.0.98.jar:/root/.mvnrepository/jmimemagic/jmimemagic/0.1.2/jmimemagic-0.1.2.jar:/root/.mvnrepository/oro/oro/2.0.8/oro-2.0.8.jar:/root/.mvnrepository/org/apache/poi/poi/4.1.2/poi-4.1.2.jar:/root/.mvnrepository/org/apache/commons/commons-math3/3.6.1/commons-math3-3.6.1.jar:/root/.mvnrepository/com/zaxxer/SparseBitSet/1.2/SparseBitSet-1.2.jar:/root/.mvnrepository/org/apache/poi/poi-scratchpad/4.1.2/poi-scratchpad-4.1.2.jar:/root/.mvnrepository/org/nuxeo/ecm/platform/nuxeo-platform-types/2023.0.98/nuxeo-platform-types-2023.0.98.jar:/root/.mvnrepository/org/nuxeo/ecm/platform/nuxeo-platform-forms-layout-api/2023.0.98/nuxeo-platform-forms-layout-api-2023.0.98.jar:/root/.mvnrepository/com/ibm/icu/icu4j/67.1/icu4j-67.1.jar:/root/.mvnrepository/org/apache/commons/commons-csv/1.10.0/commons-csv-1.10.0.jar:/root/.mvnrepository/org/nuxeo/common/nuxeo-common/2023.0.98/nuxeo-common-2023.0.98.jar:/root/.mvnrepository/xerces/xercesImpl/2.12.2-nx1/xercesImpl-2.12.2-nx1.jar:/root/.mvnrepository/org/freemarker/freemarker/2.3.32/freemarker-2.3.32.jar:/root/.mvnrepository/org/nuxeo/runtime/nuxeo-runtime/2023.0.98/nuxeo-runtime-2023.0.98.jar:/root/.mvnrepository/org/nuxeo/ecm/platform/nuxeo-thumbnail/2023.0.98/nuxeo-thumbnail-2023.0.98.jar:/root/.mvnrepository/org/nuxeo/ecm/core/nuxeo-core-convert/2023.0.98/nuxeo-core-convert-2023.0.98.jar:/root/.mvnrepository/org/nuxeo/ecm/core/nuxeo-core-storage-sql/2023.0.98/nuxeo-core-storage-sql-2023.0.98.jar:/root/.mvnrepository/commons-beanutils/commons-beanutils/1.9.4/commons-beanutils-1.9.4.jar:/root/.mvnrepository/org/apache/commons/commons-pool2/2.11.1/commons-pool2-2.11.1.jar:/root/.mvnrepository/net/sf/ehcache/ehcache-core/2.6.11/ehcache-core-2.6.11.jar:/root/.mvnrepository/org/nuxeo/ecm/core/nuxeo-core-storage/2023.0.98/nuxeo-core-storage-2023.0.98.jar:/root/.mvnrepository/net/htmlparser/jericho/jericho-html/3.4/jericho-html-3.4.jar:/root/.mvnrepository/org/nuxeo/runtime/nuxeo-runtime-pubsub/2023.0.98/nuxeo-runtime-pubsub-2023.0.98.jar:/root/.mvnrepository/org/nuxeo/ecm/platform/nuxeo-platform-commandline-executor/2023.0.98/nuxeo-platform-commandline-executor-2023.0.98.jar:/root/.mvnrepository/org/nuxeo/runtime/nuxeo-launcher-commons/2023.0.98/nuxeo-launcher-commons-2023.0.98.jar:/root/.mvnrepository/org/nuxeo/connect/nuxeo-connect-client/1.8.6/nuxeo-connect-client-1.8.6.jar:/root/.mvnrepository/org/eclipse/equinox/org.eclipse.equinox.p2.cudf/1.17-NX/org.eclipse.equinox.p2.cudf-1.17-NX.jar:/root/.mvnrepository/org/sat4j/org.sat4j.pb/2.3.1/org.sat4j.pb-2.3.1.jar:/root/.mvnrepository/org/sat4j/org.sat4j.core/2.3.1/org.sat4j.core-2.3.1.jar:/root/.mvnrepository/org/eclipse/core/org.eclipse.core.jobs/3.5.0.v20100515/org.eclipse.core.jobs-3.5.0.v20100515.jar:/root/.mvnrepository/org/eclipse/equinox/org.eclipse.equinox.common/3.6.0.v20100503/org.eclipse.equinox.common-3.6.0.v20100503.jar:/root/.mvnrepository/org/json/json/20200518/json-20200518.jar:/root/.mvnrepository/jakarta/xml/bind/jakarta.xml.bind-api/2.3.3/jakarta.xml.bind-api-2.3.3.jar:/root/.mvnrepository/com/sun/xml/bind/jaxb-impl/2.3.8/jaxb-impl-2.3.8.jar:/root/.mvnrepository/org/nuxeo/ecm/platform/nuxeo-platform-url/2023.0.98/nuxeo-platform-url-2023.0.98.jar:/root/.mvnrepository/org/nuxeo/ecm/platform/nuxeo-platform-notification/2023.0.98/nuxeo-platform-notification-2023.0.98.jar:/root/.mvnrepository/org/nuxeo/ecm/platform/nuxeo-mail/2023.0.98/nuxeo-mail-2023.0.98.jar:/root/.mvnrepository/org/apache/commons/commons-exec/1.3/commons-exec-1.3.jar:/root/.mvnrepository/org/nuxeo/ecm/platform/nuxeo-platform-usermanager/2023.0.98/nuxeo-platform-usermanager-2023.0.98.jar:/root/.mvnrepository/org/nuxeo/ecm/platform/nuxeo-platform-directory-core/2023.0.98/nuxeo-platform-directory-core-2023.0.98.jar:/root/.mvnrepository/org/nuxeo/ecm/platform/nuxeo-platform-audit-core/2023.0.98/nuxeo-platform-audit-core-2023.0.98.jar:/root/.mvnrepository/org/nuxeo/ecm/core/nuxeo-core-persistence/2023.0.98/nuxeo-core-persistence-2023.0.98.jar:/root/.mvnrepository/org/hibernate/hibernate-entitymanager/3.4.0.GA/hibernate-entitymanager-3.4.0.GA.jar:/root/.mvnrepository/javax/transaction/jta/1.1/jta-1.1.jar:/root/.mvnrepository/org/javassist/javassist/3.29.2-GA/javassist-3.29.2-GA.jar:/root/.mvnrepository/org/nuxeo/ecm/platform/nuxeo-platform-audit-api/2023.0.98/nuxeo-platform-audit-api-2023.0.98.jar:/root/.mvnrepository/javax/persistence/persistence-api/1.0.2/persistence-api-1.0.2.jar:/root/.mvnrepository/org/jboss/el/jboss-el/1.0_02.CR6/jboss-el-1.0_02.CR6.jar:/root/.mvnrepository/org/hibernate/hibernate-annotations/3.4.0.GA/hibernate-annotations-3.4.0.GA.jar:/root/.mvnrepository/org/hibernate/hibernate-commons-annotations/3.1.0.GA/hibernate-commons-annotations-3.1.0.GA.jar:/root/.mvnrepository/javax/mail/mail/1.4.7/mail-1.4.7.jar:/root/.mvnrepository/org/mvel/mvel2/2.4.14.Final/mvel2-2.4.14.Final.jar:/root/.mvnrepository/org/nuxeo/ecm/platform/nuxeo-platform-dublincore/2023.0.98/nuxeo-platform-dublincore-2023.0.98.jar:/root/.mvnrepository/org/nuxeo/ecm/platform/nuxeo-platform-rendition-api/2023.0.98/nuxeo-platform-rendition-api-2023.0.98.jar:/root/.mvnrepository/org/nuxeo/ecm/platform/nuxeo-platform-web-common/2023.0.98/nuxeo-platform-web-common-2023.0.98.jar:/root/.mvnrepository/org/nuxeo/ecm/platform/nuxeo-platform-api/2023.0.98/nuxeo-platform-api-2023.0.98.jar:/root/.mvnrepository/org/nuxeo/ecm/core/nuxeo-core-management/2023.0.98/nuxeo-core-management-2023.0.98.jar:/root/.mvnrepository/org/nuxeo/ecm/platform/nuxeo-platform-login/2023.0.98/nuxeo-platform-login-2023.0.98.jar:/root/.mvnrepository/org/nuxeo/ecm/platform/nuxeo-platform-directory-api/2023.0.98/nuxeo-platform-directory-api-2023.0.98.jar:/root/.mvnrepository/javax/servlet/jsp/jsp-api/2.2/jsp-api-2.2.jar:/root/.mvnrepository/org/apache/httpcomponents/httpclient/4.5.14/httpclient-4.5.14.jar:/root/.mvnrepository/com/thetransactioncompany/cors-filter/2.10/cors-filter-2.10.jar:/root/.mvnrepository/com/thetransactioncompany/java-property-utils/1.16/java-property-utils-1.16.jar:/root/.mvnrepository/io/opencensus/opencensus-contrib-http-servlet/0.31.1/opencensus-contrib-http-servlet-0.31.1.jar:/root/.mvnrepository/io/opencensus/opencensus-contrib-http-util/0.31.1/opencensus-contrib-http-util-0.31.1.jar:/root/.mvnrepository/org/nuxeo/ecm/automation/nuxeo-automation-core/2023.0.98/nuxeo-automation-core-2023.0.98.jar:/root/.mvnrepository/org/nuxeo/ecm/platform/nuxeo-platform-rendering/2023.0.98/nuxeo-platform-rendering-2023.0.98.jar:/root/.mvnrepository/org/wikimodel/wem/2.0.2/wem-2.0.2.jar:/root/.mvnrepository/net/java/dev/javacc/javacc/4.0/javacc-4.0.jar:/root/.mvnrepository/org/nuxeo/ecm/platform/nuxeo-platform-forms-layout-core/2023.0.98/nuxeo-platform-forms-layout-core-2023.0.98.jar:/root/.mvnrepository/org/nuxeo/ecm/webengine/nuxeo-webengine-core/2023.0.98/nuxeo-webengine-core-2023.0.98.jar:/root/.mvnrepository/com/sun/jersey/jersey-server/1.19.4/jersey-server-1.19.4.jar:/root/.mvnrepository/com/sun/jersey/jersey-servlet/1.19.4/jersey-servlet-1.19.4.jar:/root/.mvnrepository/org/nuxeo/build/nuxeo-apt-extensions/1.0/nuxeo-apt-extensions-1.0.jar:/root/.mvnrepository/org/nuxeo/build/nuxeo-webengine-apt/1.2/nuxeo-webengine-apt-1.2.jar:/root/.mvnrepository/org/codehaus/groovy/groovy-all/2.4.21/groovy-all-2.4.21.jar:/root/.mvnrepository/org/apache/pdfbox/pdfbox/2.0.27/pdfbox-2.0.27.jar:/root/.mvnrepository/org/apache/pdfbox/fontbox/2.0.27/fontbox-2.0.27.jar:/root/.mvnrepository/com/sun/activation/javax.activation/1.2.0/javax.activation-1.2.0.jar:/root/.mvnrepository/javax/servlet/javax.servlet-api/4.0.1/javax.servlet-api-4.0.1.jar:/root/.mvnrepository/org/nuxeo/ecm/platform/nuxeo-platform-imaging-core/2023.0.98/nuxeo-platform-imaging-core-2023.0.98.jar:/root/.mvnrepository/org/nuxeo/ecm/platform/nuxeo-platform-video/2023.0.98/nuxeo-platform-video-2023.0.98.jar:/root/.mvnrepository/org/nuxeo/ecm/core/nuxeo-core/2023.0.98/nuxeo-core-2023.0.98.jar:/root/.mvnrepository/org/nuxeo/ecm/core/nuxeo-core-el/2023.0.98/nuxeo-core-el-2023.0.98.jar:/root/.mvnrepository/org/apache/tomcat/tomcat-el-api/9.0.72/tomcat-el-api-9.0.72.jar:/root/.mvnrepository/org/nuxeo/ecm/core/nuxeo-core-bulk/2023.0.98/nuxeo-core-bulk-2023.0.98.jar:/root/.mvnrepository/com/google/code/externalsortinginjava/externalsortinginjava/0.6.1/externalsortinginjava-0.6.1.jar:/root/.mvnrepository/org/nuxeo/ecm/core/nuxeo-core-convert-api/2023.0.98/nuxeo-core-convert-api-2023.0.98.jar:/root/.mvnrepository/org/nuxeo/ecm/platform/nuxeo-platform-convert/2023.0.98/nuxeo-platform-convert-2023.0.98.jar:/root/.mvnrepository/commons-fileupload/commons-fileupload/1.5/commons-fileupload-1.5.jar:/root/.mvnrepository/org/nuxeo/ecm/core/nuxeo-core-convert-plugins/2023.0.98/nuxeo-core-convert-plugins-2023.0.98.jar:/root/.mvnrepository/org/apache/poi/poi-ooxml/4.1.2/poi-ooxml-4.1.2.jar:/root/.mvnrepository/org/apache/poi/poi-ooxml-schemas/4.1.2/poi-ooxml-schemas-4.1.2.jar:/root/.mvnrepository/com/github/virtuald/curvesapi/1.06/curvesapi-1.06.jar:/root/.mvnrepository/org/apache/xmlbeans/xmlbeans/3.1.0/xmlbeans-3.1.0.jar:/root/.mvnrepository/com/cforcoding/jmd/jmd/0.8.1-tomasol-3e60e36137/jmd-0.8.1-tomasol-3e60e36137.jar:/root/.mvnrepository/xpp3/xpp3/1.1.4c/xpp3-1.1.4c-clean.jar:/root/.mvnrepository/commons-io/commons-io/2.8.0/commons-io-2.8.0.jar:/root/.mvnrepository/org/nuxeo/ecm/platform/nuxeo-platform-audio-core/2023.0.98/nuxeo-platform-audio-core-2023.0.98.jar:/root/.mvnrepository/org/jaudiotagger/2.0.3/jaudiotagger-2.0.3.jar:/root/.mvnrepository/org/nuxeo/ecm/platform/nuxeo-platform-imaging-core/2023.0.98/nuxeo-platform-imaging-core-2023.0.98-tests.jar:/root/.mvnrepository/org/nuxeo/ecm/platform/nuxeo-platform-actions-core/2023.0.98/nuxeo-platform-actions-core-2023.0.98.jar:/root/.mvnrepository/org/nuxeo/ecm/platform/nuxeo-preview-core/2023.0.98/nuxeo-preview-core-2023.0.98.jar:/root/.mvnrepository/org/nuxeo/ecm/platform/nuxeo-platform-htmlsanitizer/2023.0.98/nuxeo-platform-htmlsanitizer-2023.0.98.jar:/root/.mvnrepository/com/googlecode/owasp-java-html-sanitizer/owasp-java-html-sanitizer/20211018.2.NX1/owasp-java-html-sanitizer-20211018.2.NX1.jar:/root/.mvnrepository/org/w3c/css/sac/1.3/sac-1.3.jar:/root/.mvnrepository/org/restlet/jse/org.restlet/2.4.3/org.restlet-2.4.3.jar:/root/.mvnrepository/org/nuxeo/ecm/platform/nuxeo-rest-api-test/2023.0.98/nuxeo-rest-api-test-2023.0.98.jar:/root/.mvnrepository/com/sun/jersey/jersey-client/1.19.4/jersey-client-1.19.4.jar:/root/.mvnrepository/com/sun/jersey/contribs/jersey-multipart/1.19.4/jersey-multipart-1.19.4.jar:/root/.mvnrepository/org/jvnet/mimepull/mimepull/1.9.3/mimepull-1.9.3.jar:/root/.mvnrepository/org/nuxeo/ecm/platform/nuxeo-rest-api-io/2023.0.98/nuxeo-rest-api-io-2023.0.98.jar:/root/.mvnrepository/org/nuxeo/ecm/automation/nuxeo-automation-io/2023.0.98/nuxeo-automation-io-2023.0.98.jar:/root/.mvnrepository/org/yaml/snakeyaml/1.33/snakeyaml-1.33.jar:/root/.mvnrepository/org/nuxeo/ecm/platform/nuxeo-platform-forms-layout-export/2023.0.98/nuxeo-platform-forms-layout-export-2023.0.98.jar:/root/.mvnrepository/org/nuxeo/ecm/platform/nuxeo-invite/2023.0.98/nuxeo-invite-2023.0.98.jar:/root/.mvnrepository/org/nuxeo/ecm/platform/nuxeo-admin-center-core/2023.0.98/nuxeo-admin-center-core-2023.0.98.jar:/root/.mvnrepository/org/nuxeo/runtime/nuxeo-connect-standalone/2023.0.98/nuxeo-connect-standalone-2023.0.98.jar:/root/.mvnrepository/commons-jexl/commons-jexl/1.1/commons-jexl-1.1.jar:/root/.mvnrepository/org/nuxeo/ecm/platform/nuxeo-connect-client-wrapper/2023.0.98/nuxeo-connect-client-wrapper-2023.0.98.jar:/root/.mvnrepository/org/nuxeo/ecm/platform/nuxeo-rest-api-server/2023.0.98/nuxeo-rest-api-server-2023.0.98.jar:/root/.mvnrepository/org/nuxeo/ecm/automation/nuxeo-automation-server/2023.0.98/nuxeo-automation-server-2023.0.98.jar:/root/.mvnrepository/org/nuxeo/ecm/automation/nuxeo-automation-features/2023.0.98/nuxeo-automation-features-2023.0.98.jar:/root/.mvnrepository/org/nuxeo/ecm/platform/nuxeo-platform-uidgen-core/2023.0.98/nuxeo-platform-uidgen-core-2023.0.98.jar:/root/.mvnrepository/org/nuxeo/ecm/platform/nuxeo-platform-relations-api/2023.0.98/nuxeo-platform-relations-api-2023.0.98.jar:/root/.mvnrepository/org/nuxeo/ecm/platform/nuxeo-platform-userworkspace/2023.0.98/nuxeo-platform-userworkspace-2023.0.98.jar:/root/.mvnrepository/org/nuxeo/ecm/platform/nuxeo-platform-collections-core/2023.0.98/nuxeo-platform-collections-core-2023.0.98-tests.jar:/root/.mvnrepository/org/nuxeo/ecm/platform/nuxeo-platform-collections-core/2023.0.98/nuxeo-platform-collections-core-2023.0.98.jar:/root/.mvnrepository/org/nuxeo/ecm/platform/nuxeo-platform-oauth/2023.0.98/nuxeo-platform-oauth-2023.0.98.jar:/root/.mvnrepository/org/nuxeo/ecm/platform/nuxeo-platform-login-jwt/2023.0.98/nuxeo-platform-login-jwt-2023.0.98.jar:/root/.mvnrepository/com/auth0/java-jwt/3.19.4/java-jwt-3.19.4.jar:/root/.mvnrepository/com/google/http-client/google-http-client/1.43.0/google-http-client-1.43.0.jar:/root/.mvnrepository/com/google/http-client/google-http-client-jackson2/1.43.0/google-http-client-jackson2-1.43.0.jar:/root/.mvnrepository/com/google/oauth-client/google-oauth-client/1.34.1/google-oauth-client-1.34.1.jar:/root/.mvnrepository/com/google/http-client/google-http-client-gson/1.42.0/google-http-client-gson-1.42.0.jar:/root/.mvnrepository/org/nuxeo/ecm/platform/nuxeo-platform-tag/2023.0.98/nuxeo-platform-tag-2023.0.98.jar:/root/.mvnrepository/org/nuxeo/ecm/core/nuxeo-core-test/2023.0.98/nuxeo-core-test-2023.0.98.jar:/root/.mvnrepository/org/nuxeo/runtime/nuxeo-runtime-osgi/2023.0.98/nuxeo-runtime-osgi-2023.0.98.jar:/root/.mvnrepository/org/nuxeo/runtime/nuxeo-runtime-mongodb/2023.0.98/nuxeo-runtime-mongodb-2023.0.98.jar:/root/.mvnrepository/org/mongodb/mongodb-driver-sync/4.9.0/mongodb-driver-sync-4.9.0.jar:/root/.mvnrepository/org/mongodb/bson/4.9.0/bson-4.9.0.jar:/root/.mvnrepository/org/mongodb/mongodb-driver-core/4.9.0/mongodb-driver-core-4.9.0.jar:/root/.mvnrepository/org/mongodb/bson-record-codec/4.9.0/bson-record-codec-4.9.0.jar:/root/.mvnrepository/org/nuxeo/runtime/nuxeo-runtime-cluster/2023.0.98/nuxeo-runtime-cluster-2023.0.98-tests.jar:/root/.mvnrepository/org/nuxeo/runtime/nuxeo-runtime-stream/2023.0.98/nuxeo-runtime-stream-2023.0.98-tests.jar:/root/.mvnrepository/org/jmock/jmock-junit4/2.12.0/jmock-junit4-2.12.0.jar:/root/.mvnrepository/org/jmock/jmock-legacy/2.12.0/jmock-legacy-2.12.0.jar:/root/.mvnrepository/org/jmock/jmock-imposters/2.12.0/jmock-imposters-2.12.0.jar:/root/.mvnrepository/org/nuxeo/ecm/core/nuxeo-core-api/2023.0.98/nuxeo-core-api-2023.0.98-tests.jar:/root/.mvnrepository/org/nuxeo/ecm/core/nuxeo-core-io/2023.0.98/nuxeo-core-io-2023.0.98-tests.jar:/root/.mvnrepository/org/nuxeo/ecm/core/nuxeo-core-bulk/2023.0.98/nuxeo-core-bulk-2023.0.98-tests.jar:/root/.mvnrepository/org/nuxeo/ecm/core/nuxeo-core-event/2023.0.98/nuxeo-core-event-2023.0.98-tests.jar:/root/.mvnrepository/org/nuxeo/ecm/core/nuxeo-core-storage-sql-test/2023.0.98/nuxeo-core-storage-sql-test-2023.0.98.jar:/root/.mvnrepository/org/nuxeo/lib/core/nuxeo-core-storage-sql-extensions/2023.0.98/nuxeo-core-storage-sql-extensions-2023.0.98.jar:/root/.mvnrepository/com/h2database/h2/1.4.200/h2-1.4.200.jar:/root/.mvnrepository/org/postgresql/postgresql/42.5.4/postgresql-42.5.4.jar:/root/.mvnrepository/mysql/mysql-connector-java/8.0.30/mysql-connector-java-8.0.30.jar:/root/.mvnrepository/com/google/protobuf/protobuf-java/3.19.4/protobuf-java-3.19.4.jar:/root/.mvnrepository/org/mariadb/jdbc/mariadb-java-client/2.7.8/mariadb-java-client-2.7.8.jar:/root/.mvnrepository/com/microsoft/sqlserver/mssql-jdbc/7.4.1.jre8/mssql-jdbc-7.4.1.jre8.jar:/root/.mvnrepository/org/nuxeo/ecm/core/nuxeo-core-storage-dbs/2023.0.98/nuxeo-core-storage-dbs-2023.0.98-tests.jar:/root/.mvnrepository/org/nuxeo/ecm/core/nuxeo-core-storage-mem/2023.0.98/nuxeo-core-storage-mem-2023.0.98.jar:/root/.mvnrepository/org/nuxeo/ecm/core/nuxeo-core-storage-dbs/2023.0.98/nuxeo-core-storage-dbs-2023.0.98.jar:/root/.mvnrepository/org/nuxeo/ecm/core/nuxeo-core-storage-mongodb/2023.0.98/nuxeo-core-storage-mongodb-2023.0.98.jar:/root/.mvnrepository/com/google/inject/guice/3.0/guice-3.0.jar:/root/.mvnrepository/aopalliance/aopalliance/1.0/aopalliance-1.0.jar:/root/.mvnrepository/com/github/kirviq/dumbster/1.7.1/dumbster-1.7.1.jar:/root/.mvnrepository/org/nuxeo/ecm/platform/nuxeo-platform-test/2023.0.98/nuxeo-platform-test-2023.0.98.jar:/root/.mvnrepository/org/nuxeo/lib/runtime/nuxeo-runtime-launcher/2023.0.98/nuxeo-runtime-launcher-2023.0.98.jar:/root/.mvnrepository/org/nuxeo/ecm/platform/nuxeo-platform-directory-sql/2023.0.98/nuxeo-platform-directory-sql-2023.0.98.jar:/root/.mvnrepository/org/nuxeo/ecm/platform/nuxeo-platform-directory-sql/2023.0.98/nuxeo-platform-directory-sql-2023.0.98-tests.jar:/root/.mvnrepository/org/nuxeo/ecm/platform/nuxeo-platform-directory-mongodb/2023.0.98/nuxeo-platform-directory-mongodb-2023.0.98.jar:/root/.mvnrepository/org/nuxeo/ecm/platform/nuxeo-platform-directory-multi/2023.0.98/nuxeo-platform-directory-multi-2023.0.98.jar:/root/.mvnrepository/org/nuxeo/ecm/platform/nuxeo-platform-directory-test/2023.0.98/nuxeo-platform-directory-test-2023.0.98.jar:/root/.mvnrepository/org/nuxeo/ecm/platform/nuxeo-platform-directory-test/2023.0.98/nuxeo-platform-directory-test-2023.0.98-tests.jar:/root/.mvnrepository/org/nuxeo/ecm/core/nuxeo-core-test/2023.0.98/nuxeo-core-test-2023.0.98-tests.jar:/root/.mvnrepository/org/nuxeo/ecm/platform/nuxeo-mail/2023.0.98/nuxeo-mail-2023.0.98-tests.jar:/root/.mvnrepository/org/nuxeo/ecm/platform/nuxeo-platform-login/2023.0.98/nuxeo-platform-login-2023.0.98-tests.jar:/root/.mvnrepository/org/nuxeo/ecm/platform/nuxeo-platform-directory-types-contrib/2023.0.98/nuxeo-platform-directory-types-contrib-2023.0.98.jar:/root/.mvnrepository/org/nuxeo/ecm/platform/nuxeo-platform-content-template-manager/2023.0.98/nuxeo-platform-content-template-manager-2023.0.98.jar:/root/.mvnrepository/org/nuxeo/ecm/platform/nuxeo-platform-directory-ldap/2023.0.98/nuxeo-platform-directory-ldap-2023.0.98.jar:/root/.mvnrepository/org/apache/directory/server/apacheds-core/1.5.1/apacheds-core-1.5.1.jar:/root/.mvnrepository/org/apache/directory/server/apacheds-schema-bootstrap/1.5.1/apacheds-schema-bootstrap-1.5.1.jar:/root/.mvnrepository/jdbm/jdbm/1.0/jdbm-1.0.jar:/root/.mvnrepository/org/apache/directory/server/apacheds-schema-registries/1.5.1/apacheds-schema-registries-1.5.1.jar:/root/.mvnrepository/org/apache/directory/server/apacheds-core-shared/1.5.1/apacheds-core-shared-1.5.1.jar:/root/.mvnrepository/org/apache/directory/server/apacheds-utils/1.5.1/apacheds-utils-1.5.1.jar:/root/.mvnrepository/org/apache/directory/server/apacheds-jdbm-store/1.5.1/apacheds-jdbm-store-1.5.1.jar:/root/.mvnrepository/org/apache/directory/server/apacheds-constants/1.5.1/apacheds-constants-1.5.1.jar:/root/.mvnrepository/org/apache/directory/server/apacheds-btree-base/1.5.1/apacheds-btree-base-1.5.1.jar:/root/.mvnrepository/org/apache/directory/server/apacheds-bootstrap-extract/1.5.1/apacheds-bootstrap-extract-1.5.1.jar:/root/.mvnrepository/org/apache/directory/server/apacheds-kerberos-shared/1.5.1/apacheds-kerberos-shared-1.5.1.jar:/root/.mvnrepository/org/apache/mina/mina-core/1.1.2/mina-core-1.1.2.jar:/root/.mvnrepository/org/apache/directory/server/apacheds-protocol-shared/1.5.1/apacheds-protocol-shared-1.5.1.jar:/root/.mvnrepository/org/apache/directory/shared/shared-ldap/0.9.7/shared-ldap-0.9.7.jar:/root/.mvnrepository/commons-lang/commons-lang/2.6/commons-lang-2.6.jar:/root/.mvnrepository/org/apache/directory/shared/shared-asn1/0.9.7/shared-asn1-0.9.7.jar:/root/.mvnrepository/org/apache/directory/shared/shared-ldap-constants/0.9.7/shared-ldap-constants-0.9.7.jar:/root/.mvnrepository/org/hibernate/hibernate-core/3.3.2.GA/hibernate-core-3.3.2.GA.jar:/root/.mvnrepository/antlr/antlr/2.7.7/antlr-2.7.7.jar:/root/.mvnrepository/commons-collections/commons-collections/3.2.2/commons-collections-3.2.2.jar:/root/.mvnrepository/org/nuxeo/ecm/platform/nuxeo-features-test/2023.0.98/nuxeo-features-test-2023.0.98.jar:/root/.mvnrepository/org/nuxeo/ecm/webengine/nuxeo-webengine-jaxrs/2023.0.98/nuxeo-webengine-jaxrs-2023.0.98.jar:/root/.mvnrepository/com/sun/jersey/contribs/jersey-apache-client4/1.19.4/jersey-apache-client4-1.19.4.jar:/root/.mvnrepository/org/seleniumhq/selenium/selenium-support/2.53.0/selenium-support-2.53.0.jar:/root/.mvnrepository/org/seleniumhq/selenium/selenium-remote-driver/2.53.0/selenium-remote-driver-2.53.0.jar:/root/.mvnrepository/cglib/cglib-nodep/3.3.0/cglib-nodep-3.3.0.jar:/root/.mvnrepository/org/seleniumhq/selenium/selenium-api/2.53.0/selenium-api-2.53.0.jar:/root/.mvnrepository/com/google/code/gson/gson/2.10.1/gson-2.10.1.jar:/root/.mvnrepository/org/nuxeo/ecm/webengine/nuxeo-webengine-base/2023.0.98/nuxeo-webengine-base-2023.0.98.jar:/root/.mvnrepository/org/nuxeo/ecm/platform/nuxeo-platform-comment-api/2023.0.98/nuxeo-platform-comment-api-2023.0.98.jar:/root/.mvnrepository/org/nuxeo/ecm/webengine/nuxeo-webengine-ui/2023.0.98/nuxeo-webengine-ui-2023.0.98.jar:/root/.mvnrepository/net/sf/json-lib/json-lib/2.4/json-lib-2.4-jdk15.jar:/root/.mvnrepository/net/sf/ezmorph/ezmorph/1.0.4/ezmorph-1.0.4.jar:/root/.mvnrepository/org/nuxeo/ecm/core/nuxeo-core-management-jtajca/2023.0.98/nuxeo-core-management-jtajca-2023.0.98.jar:/root/.mvnrepository/org/apache/tomcat/tomcat-dbcp/9.0.72/tomcat-dbcp-9.0.72.jar:/root/.mvnrepository/com/datadoghq/dd-trace-api/0.115.0/dd-trace-api-0.115.0.jar:/root/.mvnrepository/javax/annotation/jsr250-api/1.0/jsr250-api-1.0.jar:/root/.mvnrepository/org/nuxeo/runtime/nuxeo-runtime-migration/2023.0.98/nuxeo-runtime-migration-2023.0.98.jar:/root/.mvnrepository/org/nuxeo/runtime/nuxeo-runtime-test/2023.0.98/nuxeo-runtime-test-2023.0.98.jar:/root/.mvnrepository/io/github/classgraph/classgraph/4.8.154/classgraph-4.8.154.jar:/root/.mvnrepository/org/jmock/jmock/2.12.0/jmock-2.12.0.jar:/root/.mvnrepository/org/jmock/jmock-testjar/2.12.0/jmock-testjar-2.12.0.jar:/root/.mvnrepository/com/google/code/findbugs/annotations/3.0.1/annotations-3.0.1.jar:/root/.mvnrepository/net/jcip/jcip-annotations/1.0/jcip-annotations-1.0.jar:/root/.mvnrepository/org/hamcrest/hamcrest/2.2/hamcrest-2.2.jar:/root/.mvnrepository/org/hamcrest/hamcrest-library/1.3/hamcrest-library-1.3.jar:/root/.mvnrepository/org/apache-extras/beanshell/bsh/2.0b6/bsh-2.0b6.jar:/root/.mvnrepository/org/assertj/assertj-core/3.24.2/assertj-core-3.24.2.jar:/root/.mvnrepository/net/bytebuddy/byte-buddy/1.12.21/byte-buddy-1.12.21.jar:/root/.mvnrepository/org/mockito/mockito-core/3.12.4/mockito-core-3.12.4.jar:/root/.mvnrepository/net/bytebuddy/byte-buddy-agent/1.11.13/byte-buddy-agent-1.11.13.jar:/root/.mvnrepository/org/objenesis/objenesis/3.2/objenesis-3.2.jar:/root/.mvnrepository/org/nuxeo/runtime/nuxeo-runtime-server/2023.0.98/nuxeo-runtime-server-2023.0.98.jar:/root/.mvnrepository/org/apache/tomcat/tomcat-catalina/9.0.72/tomcat-catalina-9.0.72.jar:/root/.mvnrepository/org/apache/tomcat/tomcat-jsp-api/9.0.72/tomcat-jsp-api-9.0.72.jar:/root/.mvnrepository/org/apache/tomcat/tomcat-api/9.0.72/tomcat-api-9.0.72.jar:/root/.mvnrepository/org/apache/tomcat/tomcat-jni/9.0.72/tomcat-jni-9.0.72.jar:/root/.mvnrepository/org/apache/tomcat/tomcat-util-scan/9.0.72/tomcat-util-scan-9.0.72.jar:/root/.mvnrepository/org/apache/tomcat/tomcat-jaspic-api/9.0.72/tomcat-jaspic-api-9.0.72.jar:/root/.mvnrepository/org/apache/tomcat/tomcat-coyote/9.0.72/tomcat-coyote-9.0.72.jar:/root/.mvnrepository/org/apache/tomcat/tomcat-util/9.0.72/tomcat-util-9.0.72.jar:/root/.mvnrepository/org/apache/tomcat/tomcat-jasper/9.0.72/tomcat-jasper-9.0.72.jar:/root/.mvnrepository/org/eclipse/jdt/ecj/3.26.0/ecj-3.26.0.jar:/root/.mvnrepository/org/apache/tomcat/tomcat-jasper-el/9.0.72/tomcat-jasper-el-9.0.72.jar:/root/.mvnrepository/org/seleniumhq/selenium/selenium-firefox-driver/2.53.0/selenium-firefox-driver-2.53.0.jar:/root/.mvnrepository/org/seleniumhq/selenium/selenium-ie-driver/2.53.0/selenium-ie-driver-2.53.0.jar:/root/.mvnrepository/net/java/dev/jna/jna/4.1.0/jna-4.1.0.jar:/root/.mvnrepository/net/java/dev/jna/jna-platform/4.1.0/jna-platform-4.1.0.jar:/root/.mvnrepository/org/seleniumhq/selenium/selenium-chrome-driver/2.53.0/selenium-chrome-driver-2.53.0.jar:/root/.mvnrepository/org/seleniumhq/selenium/htmlunit-driver/2.20/htmlunit-driver-2.20.jar:/root/.mvnrepository/net/sourceforge/htmlunit/htmlunit/2.20/htmlunit-2.20.jar:/root/.mvnrepository/xalan/xalan/2.7.2/xalan-2.7.2.jar:/root/.mvnrepository/xalan/serializer/2.7.2/serializer-2.7.2.jar:/root/.mvnrepository/org/apache/httpcomponents/httpmime/4.5.14/httpmime-4.5.14.jar:/root/.mvnrepository/net/sourceforge/htmlunit/htmlunit-core-js/2.17/htmlunit-core-js-2.17.jar:/root/.mvnrepository/net/sourceforge/nekohtml/nekohtml/1.9.22/nekohtml-1.9.22.jar:/root/.mvnrepository/net/sourceforge/cssparser/cssparser/0.9.18/cssparser-0.9.18.jar:/root/.mvnrepository/org/eclipse/jetty/websocket/websocket-client/9.2.15.v20160210/websocket-client-9.2.15.v20160210.jar:/root/.mvnrepository/org/eclipse/jetty/jetty-util/9.2.15.v20160210/jetty-util-9.2.15.v20160210.jar:/root/.mvnrepository/org/eclipse/jetty/jetty-io/9.2.15.v20160210/jetty-io-9.2.15.v20160210.jar:/root/.mvnrepository/org/eclipse/jetty/websocket/websocket-common/9.2.15.v20160210/websocket-common-9.2.15.v20160210.jar:/root/.mvnrepository/org/eclipse/jetty/websocket/websocket-api/9.2.15.v20160210/websocket-api-9.2.15.v20160210.jar:/root/.mvnrepository/org/concordion/concordion/1.5.1/concordion-1.5.1.jar:/root/.mvnrepository/ognl/ognl/2.6.9/ognl-2.6.9.jar:/root/.mvnrepository/org/ow2/asm/asm/9.4/asm-9.4.jar:/root/.mvnrepository/concurrent/concurrent/1.3.4/concurrent-1.3.4.jar:/root/.mvnrepository/org/nuxeo/ecm/automation/nuxeo-automation-test/2023.0.98/nuxeo-automation-test-2023.0.98.jar:/root/.mvnrepository/org/nuxeo/ecm/automation/nuxeo-automation-scripting/2023.0.98/nuxeo-automation-scripting-2023.0.98.jar:/root/.mvnrepository/org/nuxeo/ecm/automation/nuxeo-automation-core/2023.0.98/nuxeo-automation-core-2023.0.98-tests.jar:/root/.mvnrepository/org/apache/httpcomponents/httpcore/4.4.16/httpcore-4.4.16.jar:/root/.mvnrepository/org/osgi/org.osgi.compendium/4.3.1/org.osgi.compendium-4.3.1.jar:/root/.mvnrepository/org/skyscreamer/jsonassert/1.5.1/jsonassert-1.5.1.jar:/root/.mvnrepository/com/vaadin/external/google/android-json/0.0.20131108.vaadin1/android-json-0.0.20131108.vaadin1.jar:/root/.mvnrepository/org/apache/logging/log4j/log4j-api/2.20.0/log4j-api-2.20.0.jar:/root/.mvnrepository/org/apache/logging/log4j/log4j-core/2.20.0/log4j-core-2.20.0.jar:/root/.mvnrepository/org/apache/logging/log4j/log4j-1.2-api/2.20.0/log4j-1.2-api-2.20.0.jar:/root/.mvnrepository/org/apache/logging/log4j/log4j-jcl/2.20.0/log4j-jcl-2.20.0.jar:/root/.mvnrepository/commons-logging/commons-logging/1.2/commons-logging-1.2.jar:/root/.mvnrepository/org/apache/logging/log4j/log4j-slf4j-impl/2.20.0/log4j-slf4j-impl-2.20.0.jar:/root/.mvnrepository/org/slf4j/slf4j-api/1.7.36/slf4j-api-1.7.36.jar:/root/.mvnrepository/junit/junit/4.13.2/junit-4.13.2.jar:/root/.mvnrepository/org/hamcrest/hamcrest-core/1.3/hamcrest-core-1.3.jar:"/>
    <property name="sun.cpu.endian" value="little"/>
    <property name="user.home" value="/root"/>
    <property name="user.language" value="en"/>
    <property name="java.specification.vendor" value="Oracle Corporation"/>
    <property name="java.version.date" value="2023-01-17"/>
    <property name="nuxeo.test.vcs.port" value=""/>
    <property name="java.home" value="/usr/lib/jvm/zulu17-ca"/>
    <property name="file.separator" value="/"/>
    <property name="basedir" value="/home/jenkins/workspace/ts_nuxeo-compound-documents_2023/nuxeo-compound-documents"/>
    <property name="java.vm.compressedOopsMode" value="32-bit"/>
    <property name="line.separator" value="&#10;"/>
    <property name="java.vm.specification.vendor" value="Oracle Corporation"/>
    <property name="java.specification.name" value="Java Platform API Specification"/>
    <property name="nuxeo.test.core" value="vcs"/>
    <property name="nuxeo.test.vcs.url" value=""/>
    <property name="surefire.real.class.path" value="/home/jenkins/workspace/ts_nuxeo-compound-documents_2023/nuxeo-compound-documents/target-dev/surefire/surefirebooter16359307067845681199.jar"/>
    <property name="sun.management.compiler" value="HotSpot 64-Bit Tiered Compilers"/>
    <property name="nuxeo.test.s3storage.provider.test.bucket_prefix" value=""/>
    <property name="java.runtime.version" value="17.0.6+10-LTS"/>
    <property name="user.name" value="root"/>
    <property name="nuxeo.test.s3storage.bucket" value=""/>
    <property name="path.separator" value=":"/>
    <property name="nuxeo.test.s3storage.policy.bucket" value=""/>
    <property name="os.version" value="5.4.217+"/>
    <property name="nuxeo.test.s3storage.bucket_prefix" value=""/>
    <property name="java.runtime.name" value="OpenJDK Runtime Environment"/>
    <property name="file.encoding" value="UTF-8"/>
    <property name="nuxeo.test.vcs.database" value=""/>
    <property name="sun.zip.disableMemoryMapping" value="true"/>
    <property name="custom.environment" value="dev"/>
    <property name="java.vm.name" value="OpenJDK 64-Bit Server VM"/>
    <property name="java.vendor.version" value="Zulu17.40+19-CA"/>
    <property name="nuxeo.test.vcs.user" value=""/>
    <property name="localRepository" value="/root/.mvnrepository"/>
    <property name="java.vendor.url.bug" value="http://www.azul.com/support/"/>
    <property name="java.io.tmpdir" value="/tmp"/>
    <property name="java.version" value="17.0.6"/>
    <property name="user.dir" value="/home/jenkins/workspace/ts_nuxeo-compound-documents_2023/nuxeo-compound-documents"/>
    <property name="nuxeo.test.s3storage.provider.other.bucket_prefix" value=""/>
    <property name="os.arch" value="amd64"/>
    <property name="custom.environment.log.dir" value="target-dev"/>
    <property name="java.vm.specification.name" value="Java Virtual Machine Specification"/>
    <property name="nuxeo.test.vcs.db" value=""/>
    <property name="native.encoding" value="UTF-8"/>
    <property name="java.library.path" value="/usr/java/packages/lib:/usr/lib64:/lib64:/lib:/usr/lib"/>
    <property name="java.vm.info" value="mixed mode, sharing"/>
    <property name="java.vendor" value="Azul Systems, Inc."/>
    <property name="java.vm.version" value="17.0.6+10-LTS"/>
    <property name="sun.io.unicode.encoding" value="UnicodeLittle"/>
    <property name="java.class.version" value="61.0"/>
  </properties>
  <testcase name="testCreateCompoundDocument" classname="org.nuxeo.compound.documents.TestCompoundDocumentImporter" time="0.165"/>
  <testcase name="testCreateCompoundDocumentWithPreviewAsThumbnail" classname="org.nuxeo.compound.documents.TestCompoundDocumentImporter" time="0.574"/>
  <testcase name="testBadArchive" classname="org.nuxeo.compound.documents.TestCompoundDocumentImporter" time="0.036"/>
  <testcase name="testCustomCompoundDocumentType" classname="org.nuxeo.compound.documents.TestCompoundDocumentImporter" time="2.465"/>
  <testcase name="testBadCustomCompoundDocumentType" classname="org.nuxeo.compound.documents.TestCompoundDocumentImporter" time="2.02"/>
  <testcase name="testBadCustomCompoundDocumentFolderType" classname="org.nuxeo.compound.documents.TestCompoundDocumentImporter" time="1.583"/>
  <testcase name="testCreateNestedCompoundDocuments" classname="org.nuxeo.compound.documents.TestCompoundDocumentImporter" time="2.131"/>
</testsuite>